[ 2016-07-02T09:12:57+08:00 ] 127.0.0.1 /Admin/Goods/test
INFO: [ app_init ] --START--
INFO: Run Behavior\BuildLiteBehavior [ RunTime:0.000034s ]
INFO: [ app_init ] --END-- [ RunTime:0.073318s ]
INFO: [ app_begin ] --START--
INFO: Run Behavior\ReadHtmlCacheBehavior [ RunTime:0.051877s ]
INFO: [ app_begin ] --END-- [ RunTime:0.052004s ]
ERR: 参数错误或者未定义:arr

[ 2016-07-02T09:13:15+08:00 ] 127.0.0.1 /Admin/Goods/add
INFO: [ app_init ] --START--
INFO: Run Behavior\BuildLiteBehavior [ RunTime:0.000023s ]
INFO: [ app_init ] --END-- [ RunTime:0.000565s ]
INFO: [ app_begin ] --START--
INFO: Run Behavior\ReadHtmlCacheBehavior [ RunTime:0.000746s ]
INFO: [ app_begin ] --END-- [ RunTime:0.000835s ]
SQL: SHOW COLUMNS FROM `it_category` [ RunTime:0.0922s ]
SQL: SELECT * FROM `it_category`  [ RunTime:0.0005s ]
INFO: [ view_parse ] --START--
INFO: [ template_filter ] --START--
INFO: Run Behavior\ContentReplaceBehavior [ RunTime:0.000191s ]
INFO: [ template_filter ] --END-- [ RunTime:0.000315s ]
NOTIC: [8] Undefined variable: typedata D:\4zuoye\0624shop\App\Runtime\Cache\Admin\c4eb750b05a3ec9b1c52c27480c12d23.php 第 141 行.
NOTIC: [2] Invalid argument supplied for foreach() D:\4zuoye\0624shop\App\Runtime\Cache\Admin\c4eb750b05a3ec9b1c52c27480c12d23.php 第 141 行.
INFO: Run Behavior\ParseTemplateBehavior [ RunTime:0.360391s ]
INFO: [ view_parse ] --END-- [ RunTime:0.360492s ]
INFO: [ view_filter ] --START--
INFO: Run Behavior\WriteHtmlCacheBehavior [ RunTime:0.046925s ]
INFO: [ view_filter ] --END-- [ RunTime:0.047049s ]
INFO: [ app_end ] --START--
INFO: Run Behavior\ShowPageTraceBehavior [ RunTime:0.014850s ]
INFO: [ app_end ] --END-- [ RunTime:0.014986s ]

