[ 2016-07-03T21:52:27+08:00 ] 127.0.0.1 /p?c1=1&c2=6036207&c3=4&c4=1&c5=&c6=&c10=&c11=637BE87AFD2BBF74E0D4DF80FF013AE8419C609F&c7=http%3A//sports.qq.com/csocce/csl/%3Fpgv_ref%3Daio2015%26ptlang%3D2052&c8=2016%u4E2D%u8D85%u8054%u8D5B_%u4E2D%u56FD%u8DB3%u7403_%u817E%u8BAF%u4F53%u80B2_%u817E%u8BAF%u7F51&c9=&rn=0.5484294951893389&cv=2.0
INFO: [ app_init ] --START--
INFO: Run Behavior\BuildLiteBehavior [ RunTime:0.000027s ]
INFO: [ app_init ] --END-- [ RunTime:0.077839s ]
ERR: 无法加载模块:P

[ 2016-07-03T21:53:02+08:00 ] 127.0.0.1 /p?c1=1&c2=6036207&c3=4&c4=1&c5=&c6=&c10=&c11=637BE87AFD2BBF74E0D4DF80FF013AE8419C609F&c7=http%3A//sports.qq.com/a/20160703/019488.htm&c8=10%u8F6E%u4E0D%u80DC%uFF01%u9C81%u80FD0-2%u6052%u5927%20%u963F%u5170%u8054%u8882%u4FDD%u5229%u5C3C%u5965%u5EFA%u529F_%u4F53%u80B2_%u817E%u8BAF%u7F51&c9=http%3A//sports.qq.com/csocce/csl/%3Fpgv_ref%3Daio2015%26ptlang%3D2052&rn=0.3095335238613188&cv=2.0
INFO: [ app_init ] --START--
INFO: Run Behavior\BuildLiteBehavior [ RunTime:0.000027s ]
INFO: [ app_init ] --END-- [ RunTime:0.000793s ]
ERR: 无法加载模块:P

[ 2016-07-03T21:54:35+08:00 ] 127.0.0.1 /p?c1=1&c2=6036207&c3=4&c4=1&c5=&c6=&c10=&c11=637BE87AFD2BBF74E0D4DF80FF013AE8419C609F&c7=http%3A//sports.qq.com/csocce/csl/%3Fpgv_ref%3Daio2015%26ptlang%3D2052&c8=2016%u4E2D%u8D85%u8054%u8D5B_%u4E2D%u56FD%u8DB3%u7403_%u817E%u8BAF%u4F53%u80B2_%u817E%u8BAF%u7F51&c9=&rn=0.4656890877522528&cv=2.0
INFO: [ app_init ] --START--
INFO: Run Behavior\BuildLiteBehavior [ RunTime:0.000026s ]
INFO: [ app_init ] --END-- [ RunTime:0.000745s ]
ERR: 无法加载模块:P

[ 2016-07-03T21:55:02+08:00 ] 127.0.0.1 /p?c1=1&c2=6036207&c3=4&c4=1&c5=&c6=&c10=&c11=637BE87AFD2BBF74E0D4DF80FF013AE8419C609F&c7=http%3A//sports.qq.com/a/20160703/019488.htm&c8=10%u8F6E%u4E0D%u80DC%uFF01%u9C81%u80FD0-2%u6052%u5927%20%u963F%u5170%u8054%u8882%u4FDD%u5229%u5C3C%u5965%u5EFA%u529F_%u4F53%u80B2_%u817E%u8BAF%u7F51&c9=http%3A//sports.qq.com/csocce/csl/%3Fpgv_ref%3Daio2015%26ptlang%3D2052&rn=0.4764861539006233&cv=2.0
INFO: [ app_init ] --START--
INFO: Run Behavior\BuildLiteBehavior [ RunTime:0.000028s ]
INFO: [ app_init ] --END-- [ RunTime:0.000846s ]
ERR: 无法加载模块:P

[ 2016-07-03T21:56:56+08:00 ] 127.0.0.1 /p?c1=1&c2=6036207&c3=4&c4=1&c5=&c6=&c10=&c11=637BE87AFD2BBF74E0D4DF80FF013AE8419C609F&c7=http%3A//sports.qq.com/csocce/csl/%3Fpgv_ref%3Daio2015%26ptlang%3D2052&c8=2016%u4E2D%u8D85%u8054%u8D5B_%u4E2D%u56FD%u8DB3%u7403_%u817E%u8BAF%u4F53%u80B2_%u817E%u8BAF%u7F51&c9=&rn=0.14004502911120653&cv=2.0
INFO: [ app_init ] --START--
INFO: Run Behavior\BuildLiteBehavior [ RunTime:0.000021s ]
INFO: [ app_init ] --END-- [ RunTime:0.000585s ]
ERR: 无法加载模块:P

[ 2016-07-03T21:57:08+08:00 ] 127.0.0.1 /p?c1=1&c2=6036207&c3=4&c4=1&c5=&c6=&c10=&c11=637BE87AFD2BBF74E0D4DF80FF013AE8419C609F&c7=http%3A//sports.qq.com/a/20160703/019488.htm&c8=10%u8F6E%u4E0D%u80DC%uFF01%u9C81%u80FD0-2%u6052%u5927%20%u963F%u5170%u8054%u8882%u4FDD%u5229%u5C3C%u5965%u5EFA%u529F_%u4F53%u80B2_%u817E%u8BAF%u7F51&c9=http%3A//sports.qq.com/csocce/csl/%3Fpgv_ref%3Daio2015%26ptlang%3D2052&rn=0.23912481823936105&cv=2.0
INFO: [ app_init ] --START--
INFO: Run Behavior\BuildLiteBehavior [ RunTime:0.000025s ]
INFO: [ app_init ] --END-- [ RunTime:0.000675s ]
ERR: 无法加载模块:P

[ 2016-07-03T22:05:42+08:00 ] 127.0.0.1 /p?c1=1&c2=6036207&c3=4&c4=1&c5=&c6=&c10=&c11=637BE87AFD2BBF74E0D4DF80FF013AE8419C609F&c7=http%3A//sports.qq.com/%3Fpgv_ref%3Daio2015%26ptlang%3D2052&c8=%u817E%u8BAF%u4F53%u80B2_%u817E%u8BAF%u7F51&c9=&rn=0.10606640111654997&cv=2.0
INFO: [ app_init ] --START--
INFO: Run Behavior\BuildLiteBehavior [ RunTime:0.000030s ]
INFO: [ app_init ] --END-- [ RunTime:0.000786s ]
ERR: 无法加载模块:P

[ 2016-07-03T22:05:51+08:00 ] 127.0.0.1 /p?c1=1&c2=6036207&c3=4&c4=1&c5=&c6=&c10=&c11=637BE87AFD2BBF74E0D4DF80FF013AE8419C609F&c7=http%3A//kbs.sports.qq.com/kbsweb/game.htm%3Fmid%3D3%3A838553&c8=%u5FB7%u56FDvs%u610F%u5927%u5229_%u817E%u8BAF%u4F53%u80B2_%u817E%u8BAF%u7F51&c9=http%3A//sports.qq.com/%3Fpgv_ref%3Daio2015%26ptlang%3D2052&rn=0.02576932404190302&cv=2.0
INFO: [ app_init ] --START--
INFO: Run Behavior\BuildLiteBehavior [ RunTime:0.000027s ]
INFO: [ app_init ] --END-- [ RunTime:0.000728s ]
ERR: 无法加载模块:P

[ 2016-07-03T22:06:16+08:00 ] 127.0.0.1 /p?c1=1&c2=6036207&c3=4&c4=1&c5=&c6=&c10=&c11=637BE87AFD2BBF74E0D4DF80FF013AE8419C609F&c7=http%3A//sports.qq.com/%3Fpgv_ref%3Daio2015%26ptlang%3D2052&c8=%u817E%u8BAF%u4F53%u80B2_%u817E%u8BAF%u7F51&c9=&rn=0.9663068945519626&cv=2.0
INFO: [ app_init ] --START--
INFO: Run Behavior\BuildLiteBehavior [ RunTime:0.000020s ]
INFO: [ app_init ] --END-- [ RunTime:0.000500s ]
ERR: 无法加载模块:P

[ 2016-07-03T22:06:47+08:00 ] 127.0.0.1 /p?c1=1&c2=6036207&c3=4&c4=1&c5=&c6=&c10=&c11=637BE87AFD2BBF74E0D4DF80FF013AE8419C609F&c7=http%3A//sports.qq.com/%3Fpgv_ref%3Daio2015%26ptlang%3D2052&c8=%u817E%u8BAF%u4F53%u80B2_%u817E%u8BAF%u7F51&c9=&rn=0.05407111346721649&cv=2.0
INFO: [ app_init ] --START--
INFO: Run Behavior\BuildLiteBehavior [ RunTime:0.000032s ]
INFO: [ app_init ] --END-- [ RunTime:0.000884s ]
ERR: 无法加载模块:P

[ 2016-07-03T22:07:00+08:00 ] 127.0.0.1 /p?c1=1&c2=6036207&c3=4&c4=1&c5=&c6=&c10=&c11=637BE87AFD2BBF74E0D4DF80FF013AE8419C609F&c7=http%3A//sports.qq.com/isocce/2016eurocup/&c8=2016%u6B27%u6D32%u676F_%20%u817E%u8BAF%u7F51&c9=http%3A//sports.qq.com/%3Fpgv_ref%3Daio2015%26ptlang%3D2052&rn=0.059481572825461626&cv=2.0
INFO: [ app_init ] --START--
INFO: Run Behavior\BuildLiteBehavior [ RunTime:0.000032s ]
INFO: [ app_init ] --END-- [ RunTime:0.000900s ]
ERR: 无法加载模块:P

[ 2016-07-03T22:07:22+08:00 ] 127.0.0.1 /p?c1=1&c2=6036207&c3=4&c4=1&c5=&c6=&c10=&c11=637BE87AFD2BBF74E0D4DF80FF013AE8419C609F&c7=http%3A//sports.qq.com/%3Fpgv_ref%3Daio2015%26ptlang%3D2052&c8=%u817E%u8BAF%u4F53%u80B2_%u817E%u8BAF%u7F51&c9=&rn=0.8858124143444002&cv=2.0
INFO: [ app_init ] --START--
INFO: Run Behavior\BuildLiteBehavior [ RunTime:0.000021s ]
INFO: [ app_init ] --END-- [ RunTime:0.000522s ]
ERR: 无法加载模块:P

[ 2016-07-03T22:08:30+08:00 ] 127.0.0.1 /p?c1=1&c2=6036207&c3=4&c4=1&c5=&c6=&c10=&c11=637BE87AFD2BBF74E0D4DF80FF013AE8419C609F&c7=http%3A//sports.qq.com/%3Fpgv_ref%3Daio2015%26ptlang%3D2052&c8=%u817E%u8BAF%u4F53%u80B2_%u817E%u8BAF%u7F51&c9=&rn=0.9443360711447895&cv=2.0
INFO: [ app_init ] --START--
INFO: Run Behavior\BuildLiteBehavior [ RunTime:0.000028s ]
INFO: [ app_init ] --END-- [ RunTime:0.001152s ]
ERR: 无法加载模块:P

[ 2016-07-03T22:09:03+08:00 ] 127.0.0.1 /p?c1=1&c2=6036207&c3=4&c4=1&c5=&c6=&c10=&c11=637BE87AFD2BBF74E0D4DF80FF013AE8419C609F&c7=http%3A//sports.qq.com/%3Fpgv_ref%3Daio2015%26ptlang%3D2052&c8=%u817E%u8BAF%u4F53%u80B2_%u817E%u8BAF%u7F51&c9=&rn=0.8092097006738186&cv=2.0
INFO: [ app_init ] --START--
INFO: Run Behavior\BuildLiteBehavior [ RunTime:0.000030s ]
INFO: [ app_init ] --END-- [ RunTime:0.000775s ]
ERR: 无法加载模块:P

