[ 2016-06-27T11:53:39+08:00 ] 127.0.0.1 /Public/Admin/js/utils.js
INFO: [ app_init ] --START--
INFO: Run Behavior\BuildLiteBehavior [ RunTime:0.000021s ]
INFO: [ app_init ] --END-- [ RunTime:0.000509s ]
ERR: 无法加载模块:Public

[ 2016-06-27T11:58:31+08:00 ] 127.0.0.1 /Public/Admin/js/utils.js
INFO: [ app_init ] --START--
INFO: Run Behavior\BuildLiteBehavior [ RunTime:0.000028s ]
INFO: [ app_init ] --END-- [ RunTime:0.000696s ]
ERR: 无法加载模块:Public

[ 2016-06-27T13:11:29+08:00 ] 127.0.0.1 /Public/Admin/js/utils.js
INFO: [ app_init ] --START--
INFO: Run Behavior\BuildLiteBehavior [ RunTime:0.000025s ]
INFO: [ app_init ] --END-- [ RunTime:0.000609s ]
ERR: 无法加载模块:Public

[ 2016-06-27T13:12:14+08:00 ] 127.0.0.1 /Public/Admin/js/utils.js
INFO: [ app_init ] --START--
INFO: Run Behavior\BuildLiteBehavior [ RunTime:0.000027s ]
INFO: [ app_init ] --END-- [ RunTime:0.000940s ]
ERR: 无法加载模块:Public

[ 2016-06-27T13:13:31+08:00 ] 127.0.0.1 /Public/Admin/js/utils.js
INFO: [ app_init ] --START--
INFO: Run Behavior\BuildLiteBehavior [ RunTime:0.000025s ]
INFO: [ app_init ] --END-- [ RunTime:0.000611s ]
ERR: 无法加载模块:Public

[ 2016-06-27T13:13:56+08:00 ] 127.0.0.1 /Public/Admin/js/utils.js
INFO: [ app_init ] --START--
INFO: Run Behavior\BuildLiteBehavior [ RunTime:0.000022s ]
INFO: [ app_init ] --END-- [ RunTime:0.000721s ]
ERR: 无法加载模块:Public

[ 2016-06-27T13:14:18+08:00 ] 127.0.0.1 /Public/Admin/js/utils.js
INFO: [ app_init ] --START--
INFO: Run Behavior\BuildLiteBehavior [ RunTime:0.000030s ]
INFO: [ app_init ] --END-- [ RunTime:0.000624s ]
ERR: 无法加载模块:Public

[ 2016-06-27T13:15:13+08:00 ] 127.0.0.1 /Public/Admin/js/utils.js
INFO: [ app_init ] --START--
INFO: Run Behavior\BuildLiteBehavior [ RunTime:0.000021s ]
INFO: [ app_init ] --END-- [ RunTime:0.000528s ]
ERR: 无法加载模块:Public

[ 2016-06-27T13:15:24+08:00 ] 127.0.0.1 /Public/Admin/js/utils.js
INFO: [ app_init ] --START--
INFO: Run Behavior\BuildLiteBehavior [ RunTime:0.000025s ]
INFO: [ app_init ] --END-- [ RunTime:0.000634s ]
ERR: 无法加载模块:Public

[ 2016-06-27T13:15:25+08:00 ] 127.0.0.1 /Public/Admin/js/utils.js
INFO: [ app_init ] --START--
INFO: Run Behavior\BuildLiteBehavior [ RunTime:0.000028s ]
INFO: [ app_init ] --END-- [ RunTime:0.000699s ]
ERR: 无法加载模块:Public

[ 2016-06-27T13:15:26+08:00 ] 127.0.0.1 /Public/Admin/js/utils.js
INFO: [ app_init ] --START--
INFO: Run Behavior\BuildLiteBehavior [ RunTime:0.000022s ]
INFO: [ app_init ] --END-- [ RunTime:0.000555s ]
ERR: 无法加载模块:Public

[ 2016-06-27T13:15:26+08:00 ] 127.0.0.1 /Public/Admin/js/utils.js
INFO: [ app_init ] --START--
INFO: Run Behavior\BuildLiteBehavior [ RunTime:0.000027s ]
INFO: [ app_init ] --END-- [ RunTime:0.000576s ]
ERR: 无法加载模块:Public

[ 2016-06-27T13:15:27+08:00 ] 127.0.0.1 /Public/Admin/js/utils.js
INFO: [ app_init ] --START--
INFO: Run Behavior\BuildLiteBehavior [ RunTime:0.000022s ]
INFO: [ app_init ] --END-- [ RunTime:0.000584s ]
ERR: 无法加载模块:Public

[ 2016-06-27T14:46:00+08:00 ] 127.0.0.1 /Public/Admin/js/utils.js
INFO: [ app_init ] --START--
INFO: Run Behavior\BuildLiteBehavior [ RunTime:0.000025s ]
INFO: [ app_init ] --END-- [ RunTime:0.000633s ]
ERR: 无法加载模块:Public

[ 2016-06-27T14:47:16+08:00 ] 127.0.0.1 /Public/Admin/js/utils.js
INFO: [ app_init ] --START--
INFO: Run Behavior\BuildLiteBehavior [ RunTime:0.000022s ]
INFO: [ app_init ] --END-- [ RunTime:0.000559s ]
ERR: 无法加载模块:Public

[ 2016-06-27T14:47:48+08:00 ] 127.0.0.1 /Public/Admin/js/utils.js
INFO: [ app_init ] --START--
INFO: Run Behavior\BuildLiteBehavior [ RunTime:0.000029s ]
INFO: [ app_init ] --END-- [ RunTime:0.000757s ]
ERR: 无法加载模块:Public

[ 2016-06-27T14:49:24+08:00 ] 127.0.0.1 /Public/Admin/js/utils.js
INFO: [ app_init ] --START--
INFO: Run Behavior\BuildLiteBehavior [ RunTime:0.000024s ]
INFO: [ app_init ] --END-- [ RunTime:0.000592s ]
ERR: 无法加载模块:Public

[ 2016-06-27T17:06:29+08:00 ] 127.0.0.1 /favicon.ico
INFO: [ app_init ] --START--
INFO: Run Behavior\BuildLiteBehavior [ RunTime:0.000024s ]
INFO: [ app_init ] --END-- [ RunTime:0.000707s ]
ERR: 无法加载模块:Favicon

[ 2016-06-27T17:06:30+08:00 ] 127.0.0.1 /favicon.ico
INFO: [ app_init ] --START--
INFO: Run Behavior\BuildLiteBehavior [ RunTime:0.000021s ]
INFO: [ app_init ] --END-- [ RunTime:0.000586s ]
ERR: 无法加载模块:Favicon

[ 2016-06-27T17:06:32+08:00 ] 127.0.0.1 /favicon.ico
INFO: [ app_init ] --START--
INFO: Run Behavior\BuildLiteBehavior [ RunTime:0.000095s ]
INFO: [ app_init ] --END-- [ RunTime:0.000711s ]
ERR: 无法加载模块:Favicon

[ 2016-06-27T17:34:39+08:00 ] 127.0.0.1 /Public/Admin/js/utils.js
INFO: [ app_init ] --START--
INFO: Run Behavior\BuildLiteBehavior [ RunTime:0.000025s ]
INFO: [ app_init ] --END-- [ RunTime:0.000598s ]
ERR: 无法加载模块:Public

[ 2016-06-27T22:26:53+08:00 ] 127.0.0.1 /p?c1=1&c2=6036207&c3=4&c4=1&c5=&c6=&c10=&c11=201BF36D8BE12BCF4781E507BAFFB0ACD206AD80&c7=http%3A//sports.qq.com/isocce/2016eurocup/&c8=2016%u6B27%u6D32%u676F_%20%u817E%u8BAF%u7F51&c9=http%3A//sports.qq.com/%3Fpgv_ref%3Daio2015%26ptlang%3D2052&rn=0.8643732178024948&cv=2.0
INFO: [ app_init ] --START--
INFO: Run Behavior\BuildLiteBehavior [ RunTime:0.000026s ]
INFO: [ app_init ] --END-- [ RunTime:0.028260s ]
ERR: 无法加载模块:P

[ 2016-06-27T22:26:53+08:00 ] 127.0.0.1 /p?c1=1&c2=6036207&c3=4&c4=1&c5=&c6=&c10=&c11=201BF36D8BE12BCF4781E507BAFFB0ACD206AD80&c7=http%3A//sports.qq.com/%3Fpgv_ref%3Daio2015%26ptlang%3D2052&c8=%u817E%u8BAF%u4F53%u80B2_%u817E%u8BAF%u7F51&c9=&rn=0.5625717169605196&cv=2.0
INFO: [ app_init ] --START--
INFO: Run Behavior\BuildLiteBehavior [ RunTime:0.000021s ]
INFO: [ app_init ] --END-- [ RunTime:0.000612s ]
ERR: 无法加载模块:P

[ 2016-06-27T22:27:29+08:00 ] 127.0.0.1 /p?c1=1&c2=6036207&c3=4&c4=1&c5=&c6=&c10=&c11=201BF36D8BE12BCF4781E507BAFFB0ACD206AD80&c7=http%3A//sports.qq.com/%3Fpgv_ref%3Daio2015%26ptlang%3D2052&c8=%u817E%u8BAF%u4F53%u80B2_%u817E%u8BAF%u7F51&c9=&rn=0.2766723013482988&cv=2.0
INFO: [ app_init ] --START--
INFO: Run Behavior\BuildLiteBehavior [ RunTime:0.000036s ]
INFO: [ app_init ] --END-- [ RunTime:0.000794s ]
ERR: 无法加载模块:P

[ 2016-06-27T22:28:25+08:00 ] 127.0.0.1 /p?c1=1&c2=6036207&c3=4&c4=1&c5=&c6=&c10=&c11=201BF36D8BE12BCF4781E507BAFFB0ACD206AD80&c7=http%3A//sports.qq.com/%3Fpgv_ref%3Daio2015%26ptlang%3D2052&c8=%u817E%u8BAF%u4F53%u80B2_%u817E%u8BAF%u7F51&c9=&rn=0.6156638460233808&cv=2.0
INFO: [ app_init ] --START--
INFO: Run Behavior\BuildLiteBehavior [ RunTime:0.000020s ]
INFO: [ app_init ] --END-- [ RunTime:0.000607s ]
ERR: 无法加载模块:P

[ 2016-06-27T22:29:22+08:00 ] 127.0.0.1 /p?c1=1&c2=6036207&c3=4&c4=1&c5=&c6=&c10=&c11=201BF36D8BE12BCF4781E507BAFFB0ACD206AD80&c7=http%3A//sports.qq.com/%3Fpgv_ref%3Daio2015%26ptlang%3D2052&c8=%u817E%u8BAF%u4F53%u80B2_%u817E%u8BAF%u7F51&c9=&rn=0.6467816629447043&cv=2.0
INFO: [ app_init ] --START--
INFO: Run Behavior\BuildLiteBehavior [ RunTime:0.000030s ]
INFO: [ app_init ] --END-- [ RunTime:0.000542s ]
ERR: 无法加载模块:P

[ 2016-06-27T22:30:27+08:00 ] 127.0.0.1 /p?c1=1&c2=6036207&c3=4&c4=1&c5=&c6=&c10=&c11=201BF36D8BE12BCF4781E507BAFFB0ACD206AD80&c7=http%3A//sports.qq.com/%3Fpgv_ref%3Daio2015%26ptlang%3D2052&c8=%u817E%u8BAF%u4F53%u80B2_%u817E%u8BAF%u7F51&c9=&rn=0.00829170923680067&cv=2.0
INFO: [ app_init ] --START--
INFO: Run Behavior\BuildLiteBehavior [ RunTime:0.000030s ]
INFO: [ app_init ] --END-- [ RunTime:0.001029s ]
ERR: 无法加载模块:P

[ 2016-06-27T22:31:33+08:00 ] 127.0.0.1 /p?c1=1&c2=6036207&c3=4&c4=1&c5=&c6=&c10=&c11=201BF36D8BE12BCF4781E507BAFFB0ACD206AD80&c7=http%3A//sports.qq.com/%3Fpgv_ref%3Daio2015%26ptlang%3D2052&c8=%u817E%u8BAF%u4F53%u80B2_%u817E%u8BAF%u7F51&c9=&rn=0.10184219060465693&cv=2.0
INFO: [ app_init ] --START--
INFO: Run Behavior\BuildLiteBehavior [ RunTime:0.000022s ]
INFO: [ app_init ] --END-- [ RunTime:0.000621s ]
ERR: 无法加载模块:P

[ 2016-06-27T22:32:24+08:00 ] 127.0.0.1 /p?c1=1&c2=6036207&c3=4&c4=1&c5=&c6=&c10=&c11=201BF36D8BE12BCF4781E507BAFFB0ACD206AD80&c7=http%3A//sports.qq.com/%3Fpgv_ref%3Daio2015%26ptlang%3D2052&c8=%u817E%u8BAF%u4F53%u80B2_%u817E%u8BAF%u7F51&c9=&rn=0.18718463787809014&cv=2.0
INFO: [ app_init ] --START--
INFO: Run Behavior\BuildLiteBehavior [ RunTime:0.000023s ]
INFO: [ app_init ] --END-- [ RunTime:0.000647s ]
ERR: 无法加载模块:P

[ 2016-06-27T22:33:16+08:00 ] 127.0.0.1 /p?c1=1&c2=6036207&c3=4&c4=1&c5=&c6=&c10=&c11=201BF36D8BE12BCF4781E507BAFFB0ACD206AD80&c7=http%3A//sports.qq.com/%3Fpgv_ref%3Daio2015%26ptlang%3D2052&c8=%u817E%u8BAF%u4F53%u80B2_%u817E%u8BAF%u7F51&c9=&rn=0.4933329476043582&cv=2.0
INFO: [ app_init ] --START--
INFO: Run Behavior\BuildLiteBehavior [ RunTime:0.000023s ]
INFO: [ app_init ] --END-- [ RunTime:0.000682s ]
ERR: 无法加载模块:P

[ 2016-06-27T22:34:16+08:00 ] 127.0.0.1 /p?c1=1&c2=6036207&c3=4&c4=1&c5=&c6=&c10=&c11=201BF36D8BE12BCF4781E507BAFFB0ACD206AD80&c7=http%3A//sports.qq.com/%3Fpgv_ref%3Daio2015%26ptlang%3D2052&c8=%u817E%u8BAF%u4F53%u80B2_%u817E%u8BAF%u7F51&c9=&rn=0.373088036198169&cv=2.0
INFO: [ app_init ] --START--
INFO: Run Behavior\BuildLiteBehavior [ RunTime:0.000029s ]
INFO: [ app_init ] --END-- [ RunTime:0.000820s ]
ERR: 无法加载模块:P

[ 2016-06-27T22:35:15+08:00 ] 127.0.0.1 /p?c1=1&c2=6036207&c3=4&c4=1&c5=&c6=&c10=&c11=201BF36D8BE12BCF4781E507BAFFB0ACD206AD80&c7=http%3A//sports.qq.com/%3Fpgv_ref%3Daio2015%26ptlang%3D2052&c8=%u817E%u8BAF%u4F53%u80B2_%u817E%u8BAF%u7F51&c9=&rn=0.2515514111146331&cv=2.0
INFO: [ app_init ] --START--
INFO: Run Behavior\BuildLiteBehavior [ RunTime:0.000031s ]
INFO: [ app_init ] --END-- [ RunTime:0.001591s ]
ERR: 无法加载模块:P

[ 2016-06-27T22:36:21+08:00 ] 127.0.0.1 /p?c1=1&c2=6036207&c3=4&c4=1&c5=&c6=&c10=&c11=201BF36D8BE12BCF4781E507BAFFB0ACD206AD80&c7=http%3A//sports.qq.com/%3Fpgv_ref%3Daio2015%26ptlang%3D2052&c8=%u817E%u8BAF%u4F53%u80B2_%u817E%u8BAF%u7F51&c9=&rn=0.2156131169758737&cv=2.0
INFO: [ app_init ] --START--
INFO: Run Behavior\BuildLiteBehavior [ RunTime:0.000021s ]
INFO: [ app_init ] --END-- [ RunTime:0.000615s ]
ERR: 无法加载模块:P

[ 2016-06-27T22:36:39+08:00 ] 127.0.0.1 /p?c1=1&c2=6036207&c3=4&c4=1&c5=&c6=&c10=&c11=201BF36D8BE12BCF4781E507BAFFB0ACD206AD80&c7=http%3A//sports.qq.com/%3Fpgv_ref%3Daio2015%26ptlang%3D2052&c8=%u817E%u8BAF%u4F53%u80B2_%u817E%u8BAF%u7F51&c9=&rn=0.10913713555783033&cv=2.0
INFO: [ app_init ] --START--
INFO: Run Behavior\BuildLiteBehavior [ RunTime:0.000023s ]
INFO: [ app_init ] --END-- [ RunTime:0.000702s ]
ERR: 无法加载模块:P

[ 2016-06-27T22:37:08+08:00 ] 127.0.0.1 /p?c1=1&c2=6036207&c3=4&c4=1&c5=&c6=&c10=&c11=201BF36D8BE12BCF4781E507BAFFB0ACD206AD80&c7=http%3A//sports.qq.com/%3Fpgv_ref%3Daio2015%26ptlang%3D2052&c8=%u817E%u8BAF%u4F53%u80B2_%u817E%u8BAF%u7F51&c9=&rn=0.2204172732308507&cv=2.0
INFO: [ app_init ] --START--
INFO: Run Behavior\BuildLiteBehavior [ RunTime:0.000023s ]
INFO: [ app_init ] --END-- [ RunTime:0.000673s ]
ERR: 无法加载模块:P

[ 2016-06-27T22:37:44+08:00 ] 127.0.0.1 /p?c1=1&c2=6036207&c3=4&c4=1&c5=&c6=&c10=&c11=201BF36D8BE12BCF4781E507BAFFB0ACD206AD80&c7=http%3A//sports.qq.com/%3Fpgv_ref%3Daio2015%26ptlang%3D2052&c8=%u817E%u8BAF%u4F53%u80B2_%u817E%u8BAF%u7F51&c9=&rn=0.1703889761120081&cv=2.0
INFO: [ app_init ] --START--
INFO: Run Behavior\BuildLiteBehavior [ RunTime:0.000026s ]
INFO: [ app_init ] --END-- [ RunTime:0.000733s ]
ERR: 无法加载模块:P

[ 2016-06-27T22:38:14+08:00 ] 127.0.0.1 /p?c1=1&c2=6036207&c3=4&c4=1&c5=&c6=&c10=&c11=201BF36D8BE12BCF4781E507BAFFB0ACD206AD80&c7=http%3A//sports.qq.com/%3Fpgv_ref%3Daio2015%26ptlang%3D2052&c8=%u817E%u8BAF%u4F53%u80B2_%u817E%u8BAF%u7F51&c9=&rn=0.9076166809536517&cv=2.0
INFO: [ app_init ] --START--
INFO: Run Behavior\BuildLiteBehavior [ RunTime:0.000022s ]
INFO: [ app_init ] --END-- [ RunTime:0.000629s ]
ERR: 无法加载模块:P

[ 2016-06-27T22:38:47+08:00 ] 127.0.0.1 /p?c1=1&c2=6036207&c3=4&c4=1&c5=&c6=&c10=&c11=201BF36D8BE12BCF4781E507BAFFB0ACD206AD80&c7=http%3A//sports.qq.com/%3Fpgv_ref%3Daio2015%26ptlang%3D2052&c8=%u817E%u8BAF%u4F53%u80B2_%u817E%u8BAF%u7F51&c9=&rn=0.5536127369850874&cv=2.0
INFO: [ app_init ] --START--
INFO: Run Behavior\BuildLiteBehavior [ RunTime:0.000018s ]
INFO: [ app_init ] --END-- [ RunTime:0.000725s ]
ERR: 无法加载模块:P

[ 2016-06-27T22:38:48+08:00 ] 127.0.0.1 /p?c1=1&c2=6036207&c3=4&c4=1&c5=&c6=&c10=&c11=201BF36D8BE12BCF4781E507BAFFB0ACD206AD80&c7=http%3A//sports.qq.com/isocce/2016eurocup/&c8=2016%u6B27%u6D32%u676F_%20%u817E%u8BAF%u7F51&c9=http%3A//sports.qq.com/%3Fpgv_ref%3Daio2015%26ptlang%3D2052&rn=0.6212736913003027&cv=2.0
INFO: [ app_init ] --START--
INFO: Run Behavior\BuildLiteBehavior [ RunTime:0.000033s ]
INFO: [ app_init ] --END-- [ RunTime:0.000850s ]
ERR: 无法加载模块:P

[ 2016-06-27T22:39:10+08:00 ] 127.0.0.1 /p?c1=1&c2=6036207&c3=4&c4=1&c5=&c6=&c10=&c11=201BF36D8BE12BCF4781E507BAFFB0ACD206AD80&c7=http%3A//sports.qq.com/%3Fpgv_ref%3Daio2015%26ptlang%3D2052&c8=%u817E%u8BAF%u4F53%u80B2_%u817E%u8BAF%u7F51&c9=&rn=0.60931784985587&cv=2.0
INFO: [ app_init ] --START--
INFO: Run Behavior\BuildLiteBehavior [ RunTime:0.000027s ]
INFO: [ app_init ] --END-- [ RunTime:0.000687s ]
ERR: 无法加载模块:P

[ 2016-06-27T22:39:41+08:00 ] 127.0.0.1 /p?c1=1&c2=6036207&c3=4&c4=1&c5=&c6=&c10=&c11=201BF36D8BE12BCF4781E507BAFFB0ACD206AD80&c7=http%3A//sports.qq.com/%3Fpgv_ref%3Daio2015%26ptlang%3D2052&c8=%u817E%u8BAF%u4F53%u80B2_%u817E%u8BAF%u7F51&c9=&rn=0.1902921497821808&cv=2.0
INFO: [ app_init ] --START--
INFO: Run Behavior\BuildLiteBehavior [ RunTime:0.000029s ]
INFO: [ app_init ] --END-- [ RunTime:0.000640s ]
ERR: 无法加载模块:P

[ 2016-06-27T22:40:31+08:00 ] 127.0.0.1 /p?c1=1&c2=6036207&c3=4&c4=1&c5=&c6=&c10=&c11=201BF36D8BE12BCF4781E507BAFFB0ACD206AD80&c7=http%3A//sports.qq.com/isocce/2016eurocup/&c8=2016%u6B27%u6D32%u676F_%20%u817E%u8BAF%u7F51&c9=http%3A//sports.qq.com/%3Fpgv_ref%3Daio2015%26ptlang%3D2052&rn=0.14219660265371203&cv=2.0
INFO: [ app_init ] --START--
INFO: Run Behavior\BuildLiteBehavior [ RunTime:0.000022s ]
INFO: [ app_init ] --END-- [ RunTime:0.000593s ]
ERR: 无法加载模块:P

[ 2016-06-27T22:42:17+08:00 ] 127.0.0.1 /p?c1=1&c2=6036207&c3=4&c4=1&c5=&c6=&c10=&c11=201BF36D8BE12BCF4781E507BAFFB0ACD206AD80&c7=http%3A//sports.qq.com/isocce/2016eurocup/&c8=2016%u6B27%u6D32%u676F_%20%u817E%u8BAF%u7F51&c9=http%3A//sports.qq.com/%3Fpgv_ref%3Daio2015%26ptlang%3D2052&rn=0.8069654302671552&cv=2.0
INFO: [ app_init ] --START--
INFO: Run Behavior\BuildLiteBehavior [ RunTime:0.000021s ]
INFO: [ app_init ] --END-- [ RunTime:0.000571s ]
ERR: 无法加载模块:P

[ 2016-06-27T22:44:19+08:00 ] 127.0.0.1 /p?c1=1&c2=6036207&c3=4&c4=1&c5=&c6=&c10=&c11=201BF36D8BE12BCF4781E507BAFFB0ACD206AD80&c7=http%3A//sports.qq.com/isocce/2016eurocup/&c8=2016%u6B27%u6D32%u676F_%20%u817E%u8BAF%u7F51&c9=http%3A//sports.qq.com/%3Fpgv_ref%3Daio2015%26ptlang%3D2052&rn=0.22749260906130075&cv=2.0
INFO: [ app_init ] --START--
INFO: Run Behavior\BuildLiteBehavior [ RunTime:0.000023s ]
INFO: [ app_init ] --END-- [ RunTime:0.000634s ]
ERR: 无法加载模块:P

[ 2016-06-27T22:46:43+08:00 ] 127.0.0.1 /p?c1=1&c2=6036207&c3=4&c4=1&c5=&c6=&c10=&c11=201BF36D8BE12BCF4781E507BAFFB0ACD206AD80&c7=http%3A//sports.qq.com/isocce/2016eurocup/&c8=2016%u6B27%u6D32%u676F_%20%u817E%u8BAF%u7F51&c9=http%3A//sports.qq.com/%3Fpgv_ref%3Daio2015%26ptlang%3D2052&rn=0.20141257671639323&cv=2.0
INFO: [ app_init ] --START--
INFO: Run Behavior\BuildLiteBehavior [ RunTime:0.000020s ]
INFO: [ app_init ] --END-- [ RunTime:0.000591s ]
ERR: 无法加载模块:P

[ 2016-06-27T22:48:48+08:00 ] 127.0.0.1 /p?c1=1&c2=6036207&c3=4&c4=1&c5=&c6=&c10=&c11=201BF36D8BE12BCF4781E507BAFFB0ACD206AD80&c7=http%3A//sports.qq.com/isocce/2016eurocup/&c8=2016%u6B27%u6D32%u676F_%20%u817E%u8BAF%u7F51&c9=http%3A//sports.qq.com/%3Fpgv_ref%3Daio2015%26ptlang%3D2052&rn=0.07371445000171661&cv=2.0
INFO: [ app_init ] --START--
INFO: Run Behavior\BuildLiteBehavior [ RunTime:0.000029s ]
INFO: [ app_init ] --END-- [ RunTime:0.000782s ]
ERR: 无法加载模块:P

