[ 2016-06-28T00:02:35+08:00 ] 127.0.0.1 /p?c1=1&c2=6036207&c3=4&c4=1&c5=&c6=&c10=&c11=201BF36D8BE12BCF4781E507BAFFB0ACD206AD80&c7=http%3A//sports.qq.com/isocce/2016eurocup/&c8=2016%u6B27%u6D32%u676F_%20%u817E%u8BAF%u7F51&c9=http%3A//sports.qq.com/%3Fpgv_ref%3Daio2015%26ptlang%3D2052&rn=0.01743985991925001&cv=2.0
INFO: [ app_init ] --START--
INFO: Run Behavior\BuildLiteBehavior [ RunTime:0.000021s ]
INFO: [ app_init ] --END-- [ RunTime:0.000659s ]
ERR: 无法加载模块:P

[ 2016-06-28T00:11:38+08:00 ] 127.0.0.1 /p?c1=1&c2=6036207&c3=4&c4=1&c5=&c6=&c10=&c11=201BF36D8BE12BCF4781E507BAFFB0ACD206AD80&c7=http%3A//sports.qq.com/isocce/2016eurocup/&c8=2016%u6B27%u6D32%u676F_%20%u817E%u8BAF%u7F51&c9=http%3A//sports.qq.com/%3Fpgv_ref%3Daio2015%26ptlang%3D2052&rn=0.0310750687494874&cv=2.0
INFO: [ app_init ] --START--
INFO: Run Behavior\BuildLiteBehavior [ RunTime:0.000033s ]
INFO: [ app_init ] --END-- [ RunTime:0.001938s ]
ERR: 无法加载模块:P

[ 2016-06-28T00:19:55+08:00 ] 127.0.0.1 /p?c1=1&c2=6036207&c3=4&c4=1&c5=&c6=&c10=&c11=201BF36D8BE12BCF4781E507BAFFB0ACD206AD80&c7=http%3A//sports.qq.com/isocce/2016eurocup/&c8=2016%u6B27%u6D32%u676F_%20%u817E%u8BAF%u7F51&c9=http%3A//sports.qq.com/%3Fpgv_ref%3Daio2015%26ptlang%3D2052&rn=0.3046152298338711&cv=2.0
INFO: [ app_init ] --START--
INFO: Run Behavior\BuildLiteBehavior [ RunTime:0.000032s ]
INFO: [ app_init ] --END-- [ RunTime:0.001353s ]
ERR: 无法加载模块:P

[ 2016-06-28T20:23:28+08:00 ] 127.0.0.1 /beacon.js?low_login=1
INFO: [ app_init ] --START--
INFO: Run Behavior\BuildLiteBehavior [ RunTime:0.000032s ]
INFO: [ app_init ] --END-- [ RunTime:0.025975s ]
ERR: 无法加载模块:Beacon

[ 2016-06-28T20:23:36+08:00 ] 127.0.0.1 /p?c1=1&c2=6036207&c3=23&c4=0&c5=&c6=&c10=&c11=07C9519E43D8FBFF0886820F5C1D73C7721AA43B&c7=http%3A//v.qq.com/cover/v/vrgnu9enfhsmqxx.html%3Fvid%3Dq0309tw3gsm%26pgv_ref%3Daio2015%26ptlang%3D2052&c8=%u7537%u5B50%u6027%u4FB5%u5973%u5B50%u540E%u5C06%u5176%u5168%u88F8%u88C5%u884C%u674E%u7BB1%u6B32%u4E22%u5F03%20%u88AB%u53D1%u73B0%u540E%u8DF3%u6E56%u9003%u8DD1%20-%20%u9AD8%u6E05%u5728%u7EBF%u89C2%u770B%20-%20%u817E%u8BAF%u89C6%u9891&c9=&rn=0.18372059985995293&cv=2.0
INFO: [ app_init ] --START--
INFO: Run Behavior\BuildLiteBehavior [ RunTime:0.000037s ]
INFO: [ app_init ] --END-- [ RunTime:0.000939s ]
ERR: 无法加载模块:P

[ 2016-06-28T20:26:50+08:00 ] 127.0.0.1 /beacon.js?low_login=1
INFO: [ app_init ] --START--
INFO: Run Behavior\BuildLiteBehavior [ RunTime:0.000031s ]
INFO: [ app_init ] --END-- [ RunTime:0.000877s ]
ERR: 无法加载模块:Beacon

[ 2016-06-28T20:30:42+08:00 ] 127.0.0.1 /beacon.js
INFO: [ app_init ] --START--
INFO: Run Behavior\BuildLiteBehavior [ RunTime:0.000027s ]
INFO: [ app_init ] --END-- [ RunTime:0.000785s ]
ERR: 无法加载模块:Beacon

