[ 2016-06-25T13:51:32+08:00 ] 127.0.0.1 /MyItem/fangbaihe/index.php/Admin/Email/getMsgCount.html
INFO: [ app_init ] --START--
INFO: Run Behavior\BuildLiteBehavior [ RunTime:0.000034s ]
INFO: [ app_init ] --END-- [ RunTime:0.051863s ]
ERR: 无法加载模块:MyItem

[ 2016-06-25T13:51:33+08:00 ] 127.0.0.1 /MyItem/fangbaihe/index.php/Admin/Email/getMsgCount.html
INFO: [ app_init ] --START--
INFO: Run Behavior\BuildLiteBehavior [ RunTime:0.000026s ]
INFO: [ app_init ] --END-- [ RunTime:0.000638s ]
ERR: 无法加载模块:MyItem

[ 2016-06-25T13:51:52+08:00 ] 127.0.0.1 /MyItem/fangbaihe/index.php/Admin/Email/getMsgCount.html
INFO: [ app_init ] --START--
INFO: Run Behavior\BuildLiteBehavior [ RunTime:0.000028s ]
INFO: [ app_init ] --END-- [ RunTime:0.000708s ]
ERR: 无法加载模块:MyItem

[ 2016-06-25T13:52:22+08:00 ] 127.0.0.1 /MyItem/fangbaihe/index.php/Admin/Email/getMsgCount.html
INFO: [ app_init ] --START--
INFO: Run Behavior\BuildLiteBehavior [ RunTime:0.000025s ]
INFO: [ app_init ] --END-- [ RunTime:0.000600s ]
ERR: 无法加载模块:MyItem

[ 2016-06-25T13:52:52+08:00 ] 127.0.0.1 /MyItem/fangbaihe/index.php/Admin/Email/getMsgCount.html
INFO: [ app_init ] --START--
INFO: Run Behavior\BuildLiteBehavior [ RunTime:0.000030s ]
INFO: [ app_init ] --END-- [ RunTime:0.000548s ]
ERR: 无法加载模块:MyItem

[ 2016-06-25T13:53:22+08:00 ] 127.0.0.1 /MyItem/fangbaihe/index.php/Admin/Email/getMsgCount.html
INFO: [ app_init ] --START--
INFO: Run Behavior\BuildLiteBehavior [ RunTime:0.000024s ]
INFO: [ app_init ] --END-- [ RunTime:0.000569s ]
ERR: 无法加载模块:MyItem

[ 2016-06-25T13:53:52+08:00 ] 127.0.0.1 /MyItem/fangbaihe/index.php/Admin/Email/getMsgCount.html
INFO: [ app_init ] --START--
INFO: Run Behavior\BuildLiteBehavior [ RunTime:0.000021s ]
INFO: [ app_init ] --END-- [ RunTime:0.000502s ]
ERR: 无法加载模块:MyItem

[ 2016-06-25T13:54:22+08:00 ] 127.0.0.1 /MyItem/fangbaihe/index.php/Admin/Email/getMsgCount.html
INFO: [ app_init ] --START--
INFO: Run Behavior\BuildLiteBehavior [ RunTime:0.000028s ]
INFO: [ app_init ] --END-- [ RunTime:0.000770s ]
ERR: 无法加载模块:MyItem

[ 2016-06-25T13:54:52+08:00 ] 127.0.0.1 /MyItem/fangbaihe/index.php/Admin/Email/getMsgCount.html
INFO: [ app_init ] --START--
INFO: Run Behavior\BuildLiteBehavior [ RunTime:0.000021s ]
INFO: [ app_init ] --END-- [ RunTime:0.000723s ]
ERR: 无法加载模块:MyItem

[ 2016-06-25T13:55:22+08:00 ] 127.0.0.1 /MyItem/fangbaihe/index.php/Admin/Email/getMsgCount.html
INFO: [ app_init ] --START--
INFO: Run Behavior\BuildLiteBehavior [ RunTime:0.000030s ]
INFO: [ app_init ] --END-- [ RunTime:0.000693s ]
ERR: 无法加载模块:MyItem

[ 2016-06-25T13:55:52+08:00 ] 127.0.0.1 /MyItem/fangbaihe/index.php/Admin/Email/getMsgCount.html
INFO: [ app_init ] --START--
INFO: Run Behavior\BuildLiteBehavior [ RunTime:0.000020s ]
INFO: [ app_init ] --END-- [ RunTime:0.000498s ]
ERR: 无法加载模块:MyItem

[ 2016-06-25T13:56:22+08:00 ] 127.0.0.1 /MyItem/fangbaihe/index.php/Admin/Email/getMsgCount.html
INFO: [ app_init ] --START--
INFO: Run Behavior\BuildLiteBehavior [ RunTime:0.000023s ]
INFO: [ app_init ] --END-- [ RunTime:0.000566s ]
ERR: 无法加载模块:MyItem

[ 2016-06-25T13:56:52+08:00 ] 127.0.0.1 /MyItem/fangbaihe/index.php/Admin/Email/getMsgCount.html
INFO: [ app_init ] --START--
INFO: Run Behavior\BuildLiteBehavior [ RunTime:0.000029s ]
INFO: [ app_init ] --END-- [ RunTime:0.000679s ]
ERR: 无法加载模块:MyItem

[ 2016-06-25T13:57:22+08:00 ] 127.0.0.1 /MyItem/fangbaihe/index.php/Admin/Email/getMsgCount.html
INFO: [ app_init ] --START--
INFO: Run Behavior\BuildLiteBehavior [ RunTime:0.000025s ]
INFO: [ app_init ] --END-- [ RunTime:0.000706s ]
ERR: 无法加载模块:MyItem

[ 2016-06-25T13:57:52+08:00 ] 127.0.0.1 /MyItem/fangbaihe/index.php/Admin/Email/getMsgCount.html
INFO: [ app_init ] --START--
INFO: Run Behavior\BuildLiteBehavior [ RunTime:0.000026s ]
INFO: [ app_init ] --END-- [ RunTime:0.000697s ]
ERR: 无法加载模块:MyItem

[ 2016-06-25T13:58:22+08:00 ] 127.0.0.1 /MyItem/fangbaihe/index.php/Admin/Email/getMsgCount.html
INFO: [ app_init ] --START--
INFO: Run Behavior\BuildLiteBehavior [ RunTime:0.000022s ]
INFO: [ app_init ] --END-- [ RunTime:0.000510s ]
ERR: 无法加载模块:MyItem

[ 2016-06-25T13:58:52+08:00 ] 127.0.0.1 /MyItem/fangbaihe/index.php/Admin/Email/getMsgCount.html
INFO: [ app_init ] --START--
INFO: Run Behavior\BuildLiteBehavior [ RunTime:0.000023s ]
INFO: [ app_init ] --END-- [ RunTime:0.000571s ]
ERR: 无法加载模块:MyItem

[ 2016-06-25T13:59:22+08:00 ] 127.0.0.1 /MyItem/fangbaihe/index.php/Admin/Email/getMsgCount.html
INFO: [ app_init ] --START--
INFO: Run Behavior\BuildLiteBehavior [ RunTime:0.000019s ]
INFO: [ app_init ] --END-- [ RunTime:0.000502s ]
ERR: 无法加载模块:MyItem

[ 2016-06-25T13:59:52+08:00 ] 127.0.0.1 /MyItem/fangbaihe/index.php/Admin/Email/getMsgCount.html
INFO: [ app_init ] --START--
INFO: Run Behavior\BuildLiteBehavior [ RunTime:0.000030s ]
INFO: [ app_init ] --END-- [ RunTime:0.000633s ]
ERR: 无法加载模块:MyItem

[ 2016-06-25T14:00:22+08:00 ] 127.0.0.1 /MyItem/fangbaihe/index.php/Admin/Email/getMsgCount.html
INFO: [ app_init ] --START--
INFO: Run Behavior\BuildLiteBehavior [ RunTime:0.000026s ]
INFO: [ app_init ] --END-- [ RunTime:0.000671s ]
ERR: 无法加载模块:MyItem

[ 2016-06-25T14:00:52+08:00 ] 127.0.0.1 /MyItem/fangbaihe/index.php/Admin/Email/getMsgCount.html
INFO: [ app_init ] --START--
INFO: Run Behavior\BuildLiteBehavior [ RunTime:0.000022s ]
INFO: [ app_init ] --END-- [ RunTime:0.000574s ]
ERR: 无法加载模块:MyItem

[ 2016-06-25T14:01:22+08:00 ] 127.0.0.1 /MyItem/fangbaihe/index.php/Admin/Email/getMsgCount.html
INFO: [ app_init ] --START--
INFO: Run Behavior\BuildLiteBehavior [ RunTime:0.000021s ]
INFO: [ app_init ] --END-- [ RunTime:0.000500s ]
ERR: 无法加载模块:MyItem

[ 2016-06-25T14:01:52+08:00 ] 127.0.0.1 /MyItem/fangbaihe/index.php/Admin/Email/getMsgCount.html
INFO: [ app_init ] --START--
INFO: Run Behavior\BuildLiteBehavior [ RunTime:0.000024s ]
INFO: [ app_init ] --END-- [ RunTime:0.000584s ]
ERR: 无法加载模块:MyItem

[ 2016-06-25T14:02:22+08:00 ] 127.0.0.1 /MyItem/fangbaihe/index.php/Admin/Email/getMsgCount.html
INFO: [ app_init ] --START--
INFO: Run Behavior\BuildLiteBehavior [ RunTime:0.000024s ]
INFO: [ app_init ] --END-- [ RunTime:0.000582s ]
ERR: 无法加载模块:MyItem

[ 2016-06-25T14:02:52+08:00 ] 127.0.0.1 /MyItem/fangbaihe/index.php/Admin/Email/getMsgCount.html
INFO: [ app_init ] --START--
INFO: Run Behavior\BuildLiteBehavior [ RunTime:0.000024s ]
INFO: [ app_init ] --END-- [ RunTime:0.000575s ]
ERR: 无法加载模块:MyItem

[ 2016-06-25T14:03:22+08:00 ] 127.0.0.1 /MyItem/fangbaihe/index.php/Admin/Email/getMsgCount.html
INFO: [ app_init ] --START--
INFO: Run Behavior\BuildLiteBehavior [ RunTime:0.000025s ]
INFO: [ app_init ] --END-- [ RunTime:0.000657s ]
ERR: 无法加载模块:MyItem

[ 2016-06-25T14:03:52+08:00 ] 127.0.0.1 /MyItem/fangbaihe/index.php/Admin/Email/getMsgCount.html
INFO: [ app_init ] --START--
INFO: Run Behavior\BuildLiteBehavior [ RunTime:0.000026s ]
INFO: [ app_init ] --END-- [ RunTime:0.000744s ]
ERR: 无法加载模块:MyItem

[ 2016-06-25T14:04:22+08:00 ] 127.0.0.1 /MyItem/fangbaihe/index.php/Admin/Email/getMsgCount.html
INFO: [ app_init ] --START--
INFO: Run Behavior\BuildLiteBehavior [ RunTime:0.000020s ]
INFO: [ app_init ] --END-- [ RunTime:0.000491s ]
ERR: 无法加载模块:MyItem

[ 2016-06-25T14:04:52+08:00 ] 127.0.0.1 /MyItem/fangbaihe/index.php/Admin/Email/getMsgCount.html
INFO: [ app_init ] --START--
INFO: Run Behavior\BuildLiteBehavior [ RunTime:0.000020s ]
INFO: [ app_init ] --END-- [ RunTime:0.000502s ]
ERR: 无法加载模块:MyItem

[ 2016-06-25T14:05:22+08:00 ] 127.0.0.1 /MyItem/fangbaihe/index.php/Admin/Email/getMsgCount.html
INFO: [ app_init ] --START--
INFO: Run Behavior\BuildLiteBehavior [ RunTime:0.000026s ]
INFO: [ app_init ] --END-- [ RunTime:0.000627s ]
ERR: 无法加载模块:MyItem

[ 2016-06-25T14:05:52+08:00 ] 127.0.0.1 /MyItem/fangbaihe/index.php/Admin/Email/getMsgCount.html
INFO: [ app_init ] --START--
INFO: Run Behavior\BuildLiteBehavior [ RunTime:0.000025s ]
INFO: [ app_init ] --END-- [ RunTime:0.000572s ]
ERR: 无法加载模块:MyItem

[ 2016-06-25T14:06:22+08:00 ] 127.0.0.1 /MyItem/fangbaihe/index.php/Admin/Email/getMsgCount.html
INFO: [ app_init ] --START--
INFO: Run Behavior\BuildLiteBehavior [ RunTime:0.000024s ]
INFO: [ app_init ] --END-- [ RunTime:0.000675s ]
ERR: 无法加载模块:MyItem

[ 2016-06-25T14:06:52+08:00 ] 127.0.0.1 /MyItem/fangbaihe/index.php/Admin/Email/getMsgCount.html
INFO: [ app_init ] --START--
INFO: Run Behavior\BuildLiteBehavior [ RunTime:0.000032s ]
INFO: [ app_init ] --END-- [ RunTime:0.000892s ]
ERR: 无法加载模块:MyItem

[ 2016-06-25T14:07:22+08:00 ] 127.0.0.1 /MyItem/fangbaihe/index.php/Admin/Email/getMsgCount.html
INFO: [ app_init ] --START--
INFO: Run Behavior\BuildLiteBehavior [ RunTime:0.000021s ]
INFO: [ app_init ] --END-- [ RunTime:0.000558s ]
ERR: 无法加载模块:MyItem

[ 2016-06-25T14:07:52+08:00 ] 127.0.0.1 /MyItem/fangbaihe/index.php/Admin/Email/getMsgCount.html
INFO: [ app_init ] --START--
INFO: Run Behavior\BuildLiteBehavior [ RunTime:0.000024s ]
INFO: [ app_init ] --END-- [ RunTime:0.000576s ]
ERR: 无法加载模块:MyItem

[ 2016-06-25T14:08:22+08:00 ] 127.0.0.1 /MyItem/fangbaihe/index.php/Admin/Email/getMsgCount.html
INFO: [ app_init ] --START--
INFO: Run Behavior\BuildLiteBehavior [ RunTime:0.000056s ]
INFO: [ app_init ] --END-- [ RunTime:0.000602s ]
ERR: 无法加载模块:MyItem

[ 2016-06-25T14:08:52+08:00 ] 127.0.0.1 /MyItem/fangbaihe/index.php/Admin/Email/getMsgCount.html
INFO: [ app_init ] --START--
INFO: Run Behavior\BuildLiteBehavior [ RunTime:0.000022s ]
INFO: [ app_init ] --END-- [ RunTime:0.000544s ]
ERR: 无法加载模块:MyItem

[ 2016-06-25T14:09:22+08:00 ] 127.0.0.1 /MyItem/fangbaihe/index.php/Admin/Email/getMsgCount.html
INFO: [ app_init ] --START--
INFO: Run Behavior\BuildLiteBehavior [ RunTime:0.000027s ]
INFO: [ app_init ] --END-- [ RunTime:0.000645s ]
ERR: 无法加载模块:MyItem

[ 2016-06-25T14:09:52+08:00 ] 127.0.0.1 /MyItem/fangbaihe/index.php/Admin/Email/getMsgCount.html
INFO: [ app_init ] --START--
INFO: Run Behavior\BuildLiteBehavior [ RunTime:0.000025s ]
INFO: [ app_init ] --END-- [ RunTime:0.000693s ]
ERR: 无法加载模块:MyItem

[ 2016-06-25T14:10:22+08:00 ] 127.0.0.1 /MyItem/fangbaihe/index.php/Admin/Email/getMsgCount.html
INFO: [ app_init ] --START--
INFO: Run Behavior\BuildLiteBehavior [ RunTime:0.000021s ]
INFO: [ app_init ] --END-- [ RunTime:0.000496s ]
ERR: 无法加载模块:MyItem

[ 2016-06-25T14:10:52+08:00 ] 127.0.0.1 /MyItem/fangbaihe/index.php/Admin/Email/getMsgCount.html
INFO: [ app_init ] --START--
INFO: Run Behavior\BuildLiteBehavior [ RunTime:0.000024s ]
INFO: [ app_init ] --END-- [ RunTime:0.000573s ]
ERR: 无法加载模块:MyItem

[ 2016-06-25T14:11:22+08:00 ] 127.0.0.1 /MyItem/fangbaihe/index.php/Admin/Email/getMsgCount.html
INFO: [ app_init ] --START--
INFO: Run Behavior\BuildLiteBehavior [ RunTime:0.000021s ]
INFO: [ app_init ] --END-- [ RunTime:0.000509s ]
ERR: 无法加载模块:MyItem

[ 2016-06-25T14:11:52+08:00 ] 127.0.0.1 /MyItem/fangbaihe/index.php/Admin/Email/getMsgCount.html
INFO: [ app_init ] --START--
INFO: Run Behavior\BuildLiteBehavior [ RunTime:0.000028s ]
INFO: [ app_init ] --END-- [ RunTime:0.000669s ]
ERR: 无法加载模块:MyItem

[ 2016-06-25T14:12:22+08:00 ] 127.0.0.1 /MyItem/fangbaihe/index.php/Admin/Email/getMsgCount.html
INFO: [ app_init ] --START--
INFO: Run Behavior\BuildLiteBehavior [ RunTime:0.000026s ]
INFO: [ app_init ] --END-- [ RunTime:0.000694s ]
ERR: 无法加载模块:MyItem

[ 2016-06-25T14:12:52+08:00 ] 127.0.0.1 /MyItem/fangbaihe/index.php/Admin/Email/getMsgCount.html
INFO: [ app_init ] --START--
INFO: Run Behavior\BuildLiteBehavior [ RunTime:0.000025s ]
INFO: [ app_init ] --END-- [ RunTime:0.000663s ]
ERR: 无法加载模块:MyItem

[ 2016-06-25T14:13:22+08:00 ] 127.0.0.1 /MyItem/fangbaihe/index.php/Admin/Email/getMsgCount.html
INFO: [ app_init ] --START--
INFO: Run Behavior\BuildLiteBehavior [ RunTime:0.000031s ]
INFO: [ app_init ] --END-- [ RunTime:0.000731s ]
ERR: 无法加载模块:MyItem

[ 2016-06-25T14:13:52+08:00 ] 127.0.0.1 /MyItem/fangbaihe/index.php/Admin/Email/getMsgCount.html
INFO: [ app_init ] --START--
INFO: Run Behavior\BuildLiteBehavior [ RunTime:0.000025s ]
INFO: [ app_init ] --END-- [ RunTime:0.000598s ]
ERR: 无法加载模块:MyItem

[ 2016-06-25T14:14:22+08:00 ] 127.0.0.1 /MyItem/fangbaihe/index.php/Admin/Email/getMsgCount.html
INFO: [ app_init ] --START--
INFO: Run Behavior\BuildLiteBehavior [ RunTime:0.000020s ]
INFO: [ app_init ] --END-- [ RunTime:0.000496s ]
ERR: 无法加载模块:MyItem

[ 2016-06-25T14:14:52+08:00 ] 127.0.0.1 /MyItem/fangbaihe/index.php/Admin/Email/getMsgCount.html
INFO: [ app_init ] --START--
INFO: Run Behavior\BuildLiteBehavior [ RunTime:0.000025s ]
INFO: [ app_init ] --END-- [ RunTime:0.000541s ]
ERR: 无法加载模块:MyItem

[ 2016-06-25T14:15:22+08:00 ] 127.0.0.1 /MyItem/fangbaihe/index.php/Admin/Email/getMsgCount.html
INFO: [ app_init ] --START--
INFO: Run Behavior\BuildLiteBehavior [ RunTime:0.000033s ]
INFO: [ app_init ] --END-- [ RunTime:0.000737s ]
ERR: 无法加载模块:MyItem

[ 2016-06-25T14:15:52+08:00 ] 127.0.0.1 /MyItem/fangbaihe/index.php/Admin/Email/getMsgCount.html
INFO: [ app_init ] --START--
INFO: Run Behavior\BuildLiteBehavior [ RunTime:0.000030s ]
INFO: [ app_init ] --END-- [ RunTime:0.000819s ]
ERR: 无法加载模块:MyItem

[ 2016-06-25T14:16:22+08:00 ] 127.0.0.1 /MyItem/fangbaihe/index.php/Admin/Email/getMsgCount.html
INFO: [ app_init ] --START--
INFO: Run Behavior\BuildLiteBehavior [ RunTime:0.000025s ]
INFO: [ app_init ] --END-- [ RunTime:0.000631s ]
ERR: 无法加载模块:MyItem

[ 2016-06-25T14:16:52+08:00 ] 127.0.0.1 /MyItem/fangbaihe/index.php/Admin/Email/getMsgCount.html
INFO: [ app_init ] --START--
INFO: Run Behavior\BuildLiteBehavior [ RunTime:0.000029s ]
INFO: [ app_init ] --END-- [ RunTime:0.000677s ]
ERR: 无法加载模块:MyItem

[ 2016-06-25T14:17:22+08:00 ] 127.0.0.1 /MyItem/fangbaihe/index.php/Admin/Email/getMsgCount.html
INFO: [ app_init ] --START--
INFO: Run Behavior\BuildLiteBehavior [ RunTime:0.000022s ]
INFO: [ app_init ] --END-- [ RunTime:0.000497s ]
ERR: 无法加载模块:MyItem

[ 2016-06-25T14:17:52+08:00 ] 127.0.0.1 /MyItem/fangbaihe/index.php/Admin/Email/getMsgCount.html
INFO: [ app_init ] --START--
INFO: Run Behavior\BuildLiteBehavior [ RunTime:0.000028s ]
INFO: [ app_init ] --END-- [ RunTime:0.000698s ]
ERR: 无法加载模块:MyItem

[ 2016-06-25T14:18:22+08:00 ] 127.0.0.1 /MyItem/fangbaihe/index.php/Admin/Email/getMsgCount.html
INFO: [ app_init ] --START--
INFO: Run Behavior\BuildLiteBehavior [ RunTime:0.000021s ]
INFO: [ app_init ] --END-- [ RunTime:0.000554s ]
ERR: 无法加载模块:MyItem

[ 2016-06-25T14:18:52+08:00 ] 127.0.0.1 /MyItem/fangbaihe/index.php/Admin/Email/getMsgCount.html
INFO: [ app_init ] --START--
INFO: Run Behavior\BuildLiteBehavior [ RunTime:0.000021s ]
INFO: [ app_init ] --END-- [ RunTime:0.000565s ]
ERR: 无法加载模块:MyItem

[ 2016-06-25T14:19:22+08:00 ] 127.0.0.1 /MyItem/fangbaihe/index.php/Admin/Email/getMsgCount.html
INFO: [ app_init ] --START--
INFO: Run Behavior\BuildLiteBehavior [ RunTime:0.000023s ]
INFO: [ app_init ] --END-- [ RunTime:0.000567s ]
ERR: 无法加载模块:MyItem

[ 2016-06-25T14:19:52+08:00 ] 127.0.0.1 /MyItem/fangbaihe/index.php/Admin/Email/getMsgCount.html
INFO: [ app_init ] --START--
INFO: Run Behavior\BuildLiteBehavior [ RunTime:0.000028s ]
INFO: [ app_init ] --END-- [ RunTime:0.000684s ]
ERR: 无法加载模块:MyItem

[ 2016-06-25T14:20:22+08:00 ] 127.0.0.1 /MyItem/fangbaihe/index.php/Admin/Email/getMsgCount.html
INFO: [ app_init ] --START--
INFO: Run Behavior\BuildLiteBehavior [ RunTime:0.000026s ]
INFO: [ app_init ] --END-- [ RunTime:0.000596s ]
ERR: 无法加载模块:MyItem

[ 2016-06-25T14:20:52+08:00 ] 127.0.0.1 /MyItem/fangbaihe/index.php/Admin/Email/getMsgCount.html
INFO: [ app_init ] --START--
INFO: Run Behavior\BuildLiteBehavior [ RunTime:0.000026s ]
INFO: [ app_init ] --END-- [ RunTime:0.000592s ]
ERR: 无法加载模块:MyItem

[ 2016-06-25T14:21:22+08:00 ] 127.0.0.1 /MyItem/fangbaihe/index.php/Admin/Email/getMsgCount.html
INFO: [ app_init ] --START--
INFO: Run Behavior\BuildLiteBehavior [ RunTime:0.000026s ]
INFO: [ app_init ] --END-- [ RunTime:0.000778s ]
ERR: 无法加载模块:MyItem

[ 2016-06-25T14:21:52+08:00 ] 127.0.0.1 /MyItem/fangbaihe/index.php/Admin/Email/getMsgCount.html
INFO: [ app_init ] --START--
INFO: Run Behavior\BuildLiteBehavior [ RunTime:0.000024s ]
INFO: [ app_init ] --END-- [ RunTime:0.000631s ]
ERR: 无法加载模块:MyItem

[ 2016-06-25T14:22:22+08:00 ] 127.0.0.1 /MyItem/fangbaihe/index.php/Admin/Email/getMsgCount.html
INFO: [ app_init ] --START--
INFO: Run Behavior\BuildLiteBehavior [ RunTime:0.000024s ]
INFO: [ app_init ] --END-- [ RunTime:0.000578s ]
ERR: 无法加载模块:MyItem

[ 2016-06-25T14:22:52+08:00 ] 127.0.0.1 /MyItem/fangbaihe/index.php/Admin/Email/getMsgCount.html
INFO: [ app_init ] --START--
INFO: Run Behavior\BuildLiteBehavior [ RunTime:0.000020s ]
INFO: [ app_init ] --END-- [ RunTime:0.000496s ]
ERR: 无法加载模块:MyItem

[ 2016-06-25T14:23:22+08:00 ] 127.0.0.1 /MyItem/fangbaihe/index.php/Admin/Email/getMsgCount.html
INFO: [ app_init ] --START--
INFO: Run Behavior\BuildLiteBehavior [ RunTime:0.000021s ]
INFO: [ app_init ] --END-- [ RunTime:0.000490s ]
ERR: 无法加载模块:MyItem

[ 2016-06-25T14:23:52+08:00 ] 127.0.0.1 /MyItem/fangbaihe/index.php/Admin/Email/getMsgCount.html
INFO: [ app_init ] --START--
INFO: Run Behavior\BuildLiteBehavior [ RunTime:0.000021s ]
INFO: [ app_init ] --END-- [ RunTime:0.000535s ]
ERR: 无法加载模块:MyItem

[ 2016-06-25T14:24:22+08:00 ] 127.0.0.1 /MyItem/fangbaihe/index.php/Admin/Email/getMsgCount.html
INFO: [ app_init ] --START--
INFO: Run Behavior\BuildLiteBehavior [ RunTime:0.000031s ]
INFO: [ app_init ] --END-- [ RunTime:0.000607s ]
ERR: 无法加载模块:MyItem

[ 2016-06-25T14:24:52+08:00 ] 127.0.0.1 /MyItem/fangbaihe/index.php/Admin/Email/getMsgCount.html
INFO: [ app_init ] --START--
INFO: Run Behavior\BuildLiteBehavior [ RunTime:0.000025s ]
INFO: [ app_init ] --END-- [ RunTime:0.000636s ]
ERR: 无法加载模块:MyItem

[ 2016-06-25T14:25:22+08:00 ] 127.0.0.1 /MyItem/fangbaihe/index.php/Admin/Email/getMsgCount.html
INFO: [ app_init ] --START--
INFO: Run Behavior\BuildLiteBehavior [ RunTime:0.000023s ]
INFO: [ app_init ] --END-- [ RunTime:0.000679s ]
ERR: 无法加载模块:MyItem

[ 2016-06-25T14:25:52+08:00 ] 127.0.0.1 /MyItem/fangbaihe/index.php/Admin/Email/getMsgCount.html
INFO: [ app_init ] --START--
INFO: Run Behavior\BuildLiteBehavior [ RunTime:0.000021s ]
INFO: [ app_init ] --END-- [ RunTime:0.000490s ]
ERR: 无法加载模块:MyItem

[ 2016-06-25T14:26:22+08:00 ] 127.0.0.1 /MyItem/fangbaihe/index.php/Admin/Email/getMsgCount.html
INFO: [ app_init ] --START--
INFO: Run Behavior\BuildLiteBehavior [ RunTime:0.000023s ]
INFO: [ app_init ] --END-- [ RunTime:0.000566s ]
ERR: 无法加载模块:MyItem

[ 2016-06-25T14:26:52+08:00 ] 127.0.0.1 /MyItem/fangbaihe/index.php/Admin/Email/getMsgCount.html
INFO: [ app_init ] --START--
INFO: Run Behavior\BuildLiteBehavior [ RunTime:0.000021s ]
INFO: [ app_init ] --END-- [ RunTime:0.000497s ]
ERR: 无法加载模块:MyItem

[ 2016-06-25T14:27:22+08:00 ] 127.0.0.1 /MyItem/fangbaihe/index.php/Admin/Email/getMsgCount.html
INFO: [ app_init ] --START--
INFO: Run Behavior\BuildLiteBehavior [ RunTime:0.000024s ]
INFO: [ app_init ] --END-- [ RunTime:0.000586s ]
ERR: 无法加载模块:MyItem

[ 2016-06-25T14:27:52+08:00 ] 127.0.0.1 /MyItem/fangbaihe/index.php/Admin/Email/getMsgCount.html
INFO: [ app_init ] --START--
INFO: Run Behavior\BuildLiteBehavior [ RunTime:0.000024s ]
INFO: [ app_init ] --END-- [ RunTime:0.000639s ]
ERR: 无法加载模块:MyItem

[ 2016-06-25T14:28:22+08:00 ] 127.0.0.1 /MyItem/fangbaihe/index.php/Admin/Email/getMsgCount.html
INFO: [ app_init ] --START--
INFO: Run Behavior\BuildLiteBehavior [ RunTime:0.000029s ]
INFO: [ app_init ] --END-- [ RunTime:0.000524s ]
ERR: 无法加载模块:MyItem

[ 2016-06-25T14:28:52+08:00 ] 127.0.0.1 /MyItem/fangbaihe/index.php/Admin/Email/getMsgCount.html
INFO: [ app_init ] --START--
INFO: Run Behavior\BuildLiteBehavior [ RunTime:0.000024s ]
INFO: [ app_init ] --END-- [ RunTime:0.000582s ]
ERR: 无法加载模块:MyItem

[ 2016-06-25T14:29:22+08:00 ] 127.0.0.1 /MyItem/fangbaihe/index.php/Admin/Email/getMsgCount.html
INFO: [ app_init ] --START--
INFO: Run Behavior\BuildLiteBehavior [ RunTime:0.000026s ]
INFO: [ app_init ] --END-- [ RunTime:0.000604s ]
ERR: 无法加载模块:MyItem

[ 2016-06-25T14:29:52+08:00 ] 127.0.0.1 /MyItem/fangbaihe/index.php/Admin/Email/getMsgCount.html
INFO: [ app_init ] --START--
INFO: Run Behavior\BuildLiteBehavior [ RunTime:0.000020s ]
INFO: [ app_init ] --END-- [ RunTime:0.000488s ]
ERR: 无法加载模块:MyItem

[ 2016-06-25T14:30:22+08:00 ] 127.0.0.1 /MyItem/fangbaihe/index.php/Admin/Email/getMsgCount.html
INFO: [ app_init ] --START--
INFO: Run Behavior\BuildLiteBehavior [ RunTime:0.000021s ]
INFO: [ app_init ] --END-- [ RunTime:0.000557s ]
ERR: 无法加载模块:MyItem

[ 2016-06-25T14:30:52+08:00 ] 127.0.0.1 /MyItem/fangbaihe/index.php/Admin/Email/getMsgCount.html
INFO: [ app_init ] --START--
INFO: Run Behavior\BuildLiteBehavior [ RunTime:0.000030s ]
INFO: [ app_init ] --END-- [ RunTime:0.000627s ]
ERR: 无法加载模块:MyItem

[ 2016-06-25T14:31:22+08:00 ] 127.0.0.1 /MyItem/fangbaihe/index.php/Admin/Email/getMsgCount.html
INFO: [ app_init ] --START--
INFO: Run Behavior\BuildLiteBehavior [ RunTime:0.000020s ]
INFO: [ app_init ] --END-- [ RunTime:0.000508s ]
ERR: 无法加载模块:MyItem

[ 2016-06-25T14:31:52+08:00 ] 127.0.0.1 /MyItem/fangbaihe/index.php/Admin/Email/getMsgCount.html
INFO: [ app_init ] --START--
INFO: Run Behavior\BuildLiteBehavior [ RunTime:0.000025s ]
INFO: [ app_init ] --END-- [ RunTime:0.000587s ]
ERR: 无法加载模块:MyItem

[ 2016-06-25T14:32:22+08:00 ] 127.0.0.1 /MyItem/fangbaihe/index.php/Admin/Email/getMsgCount.html
INFO: [ app_init ] --START--
INFO: Run Behavior\BuildLiteBehavior [ RunTime:0.000024s ]
INFO: [ app_init ] --END-- [ RunTime:0.000562s ]
ERR: 无法加载模块:MyItem

[ 2016-06-25T14:32:52+08:00 ] 127.0.0.1 /MyItem/fangbaihe/index.php/Admin/Email/getMsgCount.html
INFO: [ app_init ] --START--
INFO: Run Behavior\BuildLiteBehavior [ RunTime:0.000033s ]
INFO: [ app_init ] --END-- [ RunTime:0.000806s ]
ERR: 无法加载模块:MyItem

[ 2016-06-25T14:33:22+08:00 ] 127.0.0.1 /MyItem/fangbaihe/index.php/Admin/Email/getMsgCount.html
INFO: [ app_init ] --START--
INFO: Run Behavior\BuildLiteBehavior [ RunTime:0.000020s ]
INFO: [ app_init ] --END-- [ RunTime:0.000560s ]
ERR: 无法加载模块:MyItem

[ 2016-06-25T14:33:52+08:00 ] 127.0.0.1 /MyItem/fangbaihe/index.php/Admin/Email/getMsgCount.html
INFO: [ app_init ] --START--
INFO: Run Behavior\BuildLiteBehavior [ RunTime:0.000021s ]
INFO: [ app_init ] --END-- [ RunTime:0.000563s ]
ERR: 无法加载模块:MyItem

[ 2016-06-25T14:34:22+08:00 ] 127.0.0.1 /MyItem/fangbaihe/index.php/Admin/Email/getMsgCount.html
INFO: [ app_init ] --START--
INFO: Run Behavior\BuildLiteBehavior [ RunTime:0.000028s ]
INFO: [ app_init ] --END-- [ RunTime:0.000676s ]
ERR: 无法加载模块:MyItem

[ 2016-06-25T14:34:52+08:00 ] 127.0.0.1 /MyItem/fangbaihe/index.php/Admin/Email/getMsgCount.html
INFO: [ app_init ] --START--
INFO: Run Behavior\BuildLiteBehavior [ RunTime:0.000020s ]
INFO: [ app_init ] --END-- [ RunTime:0.000495s ]
ERR: 无法加载模块:MyItem

[ 2016-06-25T14:35:22+08:00 ] 127.0.0.1 /MyItem/fangbaihe/index.php/Admin/Email/getMsgCount.html
INFO: [ app_init ] --START--
INFO: Run Behavior\BuildLiteBehavior [ RunTime:0.000021s ]
INFO: [ app_init ] --END-- [ RunTime:0.000500s ]
ERR: 无法加载模块:MyItem

[ 2016-06-25T14:35:52+08:00 ] 127.0.0.1 /MyItem/fangbaihe/index.php/Admin/Email/getMsgCount.html
INFO: [ app_init ] --START--
INFO: Run Behavior\BuildLiteBehavior [ RunTime:0.000021s ]
INFO: [ app_init ] --END-- [ RunTime:0.000507s ]
ERR: 无法加载模块:MyItem

[ 2016-06-25T14:36:22+08:00 ] 127.0.0.1 /MyItem/fangbaihe/index.php/Admin/Email/getMsgCount.html
INFO: [ app_init ] --START--
INFO: Run Behavior\BuildLiteBehavior [ RunTime:0.000020s ]
INFO: [ app_init ] --END-- [ RunTime:0.000559s ]
ERR: 无法加载模块:MyItem

[ 2016-06-25T14:36:52+08:00 ] 127.0.0.1 /MyItem/fangbaihe/index.php/Admin/Email/getMsgCount.html
INFO: [ app_init ] --START--
INFO: Run Behavior\BuildLiteBehavior [ RunTime:0.000024s ]
INFO: [ app_init ] --END-- [ RunTime:0.000641s ]
ERR: 无法加载模块:MyItem

[ 2016-06-25T14:37:22+08:00 ] 127.0.0.1 /MyItem/fangbaihe/index.php/Admin/Email/getMsgCount.html
INFO: [ app_init ] --START--
INFO: Run Behavior\BuildLiteBehavior [ RunTime:0.000025s ]
INFO: [ app_init ] --END-- [ RunTime:0.000595s ]
ERR: 无法加载模块:MyItem

[ 2016-06-25T14:37:52+08:00 ] 127.0.0.1 /MyItem/fangbaihe/index.php/Admin/Email/getMsgCount.html
INFO: [ app_init ] --START--
INFO: Run Behavior\BuildLiteBehavior [ RunTime:0.000020s ]
INFO: [ app_init ] --END-- [ RunTime:0.000560s ]
ERR: 无法加载模块:MyItem

[ 2016-06-25T14:38:22+08:00 ] 127.0.0.1 /MyItem/fangbaihe/index.php/Admin/Email/getMsgCount.html
INFO: [ app_init ] --START--
INFO: Run Behavior\BuildLiteBehavior [ RunTime:0.000020s ]
INFO: [ app_init ] --END-- [ RunTime:0.000494s ]
ERR: 无法加载模块:MyItem

[ 2016-06-25T14:38:52+08:00 ] 127.0.0.1 /MyItem/fangbaihe/index.php/Admin/Email/getMsgCount.html
INFO: [ app_init ] --START--
INFO: Run Behavior\BuildLiteBehavior [ RunTime:0.000034s ]
INFO: [ app_init ] --END-- [ RunTime:0.000863s ]
ERR: 无法加载模块:MyItem

[ 2016-06-25T14:39:22+08:00 ] 127.0.0.1 /MyItem/fangbaihe/index.php/Admin/Email/getMsgCount.html
INFO: [ app_init ] --START--
INFO: Run Behavior\BuildLiteBehavior [ RunTime:0.000020s ]
INFO: [ app_init ] --END-- [ RunTime:0.000557s ]
ERR: 无法加载模块:MyItem

[ 2016-06-25T14:39:52+08:00 ] 127.0.0.1 /MyItem/fangbaihe/index.php/Admin/Email/getMsgCount.html
INFO: [ app_init ] --START--
INFO: Run Behavior\BuildLiteBehavior [ RunTime:0.000023s ]
INFO: [ app_init ] --END-- [ RunTime:0.000643s ]
ERR: 无法加载模块:MyItem

[ 2016-06-25T14:40:22+08:00 ] 127.0.0.1 /MyItem/fangbaihe/index.php/Admin/Email/getMsgCount.html
INFO: [ app_init ] --START--
INFO: Run Behavior\BuildLiteBehavior [ RunTime:0.000020s ]
INFO: [ app_init ] --END-- [ RunTime:0.000501s ]
ERR: 无法加载模块:MyItem

[ 2016-06-25T14:40:52+08:00 ] 127.0.0.1 /MyItem/fangbaihe/index.php/Admin/Email/getMsgCount.html
INFO: [ app_init ] --START--
INFO: Run Behavior\BuildLiteBehavior [ RunTime:0.000025s ]
INFO: [ app_init ] --END-- [ RunTime:0.000590s ]
ERR: 无法加载模块:MyItem

[ 2016-06-25T14:41:22+08:00 ] 127.0.0.1 /MyItem/fangbaihe/index.php/Admin/Email/getMsgCount.html
INFO: [ app_init ] --START--
INFO: Run Behavior\BuildLiteBehavior [ RunTime:0.000177s ]
INFO: [ app_init ] --END-- [ RunTime:0.001191s ]
ERR: 无法加载模块:MyItem

[ 2016-06-25T14:41:52+08:00 ] 127.0.0.1 /MyItem/fangbaihe/index.php/Admin/Email/getMsgCount.html
INFO: [ app_init ] --START--
INFO: Run Behavior\BuildLiteBehavior [ RunTime:0.000025s ]
INFO: [ app_init ] --END-- [ RunTime:0.000571s ]
ERR: 无法加载模块:MyItem

[ 2016-06-25T14:42:22+08:00 ] 127.0.0.1 /MyItem/fangbaihe/index.php/Admin/Email/getMsgCount.html
INFO: [ app_init ] --START--
INFO: Run Behavior\BuildLiteBehavior [ RunTime:0.000021s ]
INFO: [ app_init ] --END-- [ RunTime:0.000638s ]
ERR: 无法加载模块:MyItem

[ 2016-06-25T14:42:52+08:00 ] 127.0.0.1 /MyItem/fangbaihe/index.php/Admin/Email/getMsgCount.html
INFO: [ app_init ] --START--
INFO: Run Behavior\BuildLiteBehavior [ RunTime:0.000024s ]
INFO: [ app_init ] --END-- [ RunTime:0.000630s ]
ERR: 无法加载模块:MyItem

[ 2016-06-25T14:43:22+08:00 ] 127.0.0.1 /MyItem/fangbaihe/index.php/Admin/Email/getMsgCount.html
INFO: [ app_init ] --START--
INFO: Run Behavior\BuildLiteBehavior [ RunTime:0.000021s ]
INFO: [ app_init ] --END-- [ RunTime:0.000509s ]
ERR: 无法加载模块:MyItem

[ 2016-06-25T14:43:52+08:00 ] 127.0.0.1 /MyItem/fangbaihe/index.php/Admin/Email/getMsgCount.html
INFO: [ app_init ] --START--
INFO: Run Behavior\BuildLiteBehavior [ RunTime:0.000023s ]
INFO: [ app_init ] --END-- [ RunTime:0.000575s ]
ERR: 无法加载模块:MyItem

[ 2016-06-25T14:44:22+08:00 ] 127.0.0.1 /MyItem/fangbaihe/index.php/Admin/Email/getMsgCount.html
INFO: [ app_init ] --START--
INFO: Run Behavior\BuildLiteBehavior [ RunTime:0.000021s ]
INFO: [ app_init ] --END-- [ RunTime:0.000503s ]
ERR: 无法加载模块:MyItem

[ 2016-06-25T14:44:52+08:00 ] 127.0.0.1 /MyItem/fangbaihe/index.php/Admin/Email/getMsgCount.html
INFO: [ app_init ] --START--
INFO: Run Behavior\BuildLiteBehavior [ RunTime:0.000024s ]
INFO: [ app_init ] --END-- [ RunTime:0.000584s ]
ERR: 无法加载模块:MyItem

[ 2016-06-25T14:45:22+08:00 ] 127.0.0.1 /MyItem/fangbaihe/index.php/Admin/Email/getMsgCount.html
INFO: [ app_init ] --START--
INFO: Run Behavior\BuildLiteBehavior [ RunTime:0.000020s ]
INFO: [ app_init ] --END-- [ RunTime:0.000566s ]
ERR: 无法加载模块:MyItem

[ 2016-06-25T14:45:52+08:00 ] 127.0.0.1 /MyItem/fangbaihe/index.php/Admin/Email/getMsgCount.html
INFO: [ app_init ] --START--
INFO: Run Behavior\BuildLiteBehavior [ RunTime:0.000024s ]
INFO: [ app_init ] --END-- [ RunTime:0.000641s ]
ERR: 无法加载模块:MyItem

[ 2016-06-25T14:46:22+08:00 ] 127.0.0.1 /MyItem/fangbaihe/index.php/Admin/Email/getMsgCount.html
INFO: [ app_init ] --START--
INFO: Run Behavior\BuildLiteBehavior [ RunTime:0.000020s ]
INFO: [ app_init ] --END-- [ RunTime:0.000508s ]
ERR: 无法加载模块:MyItem

[ 2016-06-25T14:46:52+08:00 ] 127.0.0.1 /MyItem/fangbaihe/index.php/Admin/Email/getMsgCount.html
INFO: [ app_init ] --START--
INFO: Run Behavior\BuildLiteBehavior [ RunTime:0.000021s ]
INFO: [ app_init ] --END-- [ RunTime:0.000493s ]
ERR: 无法加载模块:MyItem

[ 2016-06-25T14:47:22+08:00 ] 127.0.0.1 /MyItem/fangbaihe/index.php/Admin/Email/getMsgCount.html
INFO: [ app_init ] --START--
INFO: Run Behavior\BuildLiteBehavior [ RunTime:0.000025s ]
INFO: [ app_init ] --END-- [ RunTime:0.000572s ]
ERR: 无法加载模块:MyItem

[ 2016-06-25T14:47:52+08:00 ] 127.0.0.1 /MyItem/fangbaihe/index.php/Admin/Email/getMsgCount.html
INFO: [ app_init ] --START--
INFO: Run Behavior\BuildLiteBehavior [ RunTime:0.000030s ]
INFO: [ app_init ] --END-- [ RunTime:0.000666s ]
ERR: 无法加载模块:MyItem

[ 2016-06-25T14:48:22+08:00 ] 127.0.0.1 /MyItem/fangbaihe/index.php/Admin/Email/getMsgCount.html
INFO: [ app_init ] --START--
INFO: Run Behavior\BuildLiteBehavior [ RunTime:0.000024s ]
INFO: [ app_init ] --END-- [ RunTime:0.000709s ]
ERR: 无法加载模块:MyItem

[ 2016-06-25T14:48:52+08:00 ] 127.0.0.1 /MyItem/fangbaihe/index.php/Admin/Email/getMsgCount.html
INFO: [ app_init ] --START--
INFO: Run Behavior\BuildLiteBehavior [ RunTime:0.000027s ]
INFO: [ app_init ] --END-- [ RunTime:0.000701s ]
ERR: 无法加载模块:MyItem

[ 2016-06-25T14:49:22+08:00 ] 127.0.0.1 /MyItem/fangbaihe/index.php/Admin/Email/getMsgCount.html
INFO: [ app_init ] --START--
INFO: Run Behavior\BuildLiteBehavior [ RunTime:0.000024s ]
INFO: [ app_init ] --END-- [ RunTime:0.000572s ]
ERR: 无法加载模块:MyItem

[ 2016-06-25T14:49:52+08:00 ] 127.0.0.1 /MyItem/fangbaihe/index.php/Admin/Email/getMsgCount.html
INFO: [ app_init ] --START--
INFO: Run Behavior\BuildLiteBehavior [ RunTime:0.000020s ]
INFO: [ app_init ] --END-- [ RunTime:0.000493s ]
ERR: 无法加载模块:MyItem

[ 2016-06-25T14:50:22+08:00 ] 127.0.0.1 /MyItem/fangbaihe/index.php/Admin/Email/getMsgCount.html
INFO: [ app_init ] --START--
INFO: Run Behavior\BuildLiteBehavior [ RunTime:0.000024s ]
INFO: [ app_init ] --END-- [ RunTime:0.000574s ]
ERR: 无法加载模块:MyItem

[ 2016-06-25T14:50:52+08:00 ] 127.0.0.1 /MyItem/fangbaihe/index.php/Admin/Email/getMsgCount.html
INFO: [ app_init ] --START--
INFO: Run Behavior\BuildLiteBehavior [ RunTime:0.000021s ]
INFO: [ app_init ] --END-- [ RunTime:0.000493s ]
ERR: 无法加载模块:MyItem

[ 2016-06-25T14:51:22+08:00 ] 127.0.0.1 /MyItem/fangbaihe/index.php/Admin/Email/getMsgCount.html
INFO: [ app_init ] --START--
INFO: Run Behavior\BuildLiteBehavior [ RunTime:0.000025s ]
INFO: [ app_init ] --END-- [ RunTime:0.000649s ]
ERR: 无法加载模块:MyItem

[ 2016-06-25T14:51:52+08:00 ] 127.0.0.1 /MyItem/fangbaihe/index.php/Admin/Email/getMsgCount.html
INFO: [ app_init ] --START--
INFO: Run Behavior\BuildLiteBehavior [ RunTime:0.000025s ]
INFO: [ app_init ] --END-- [ RunTime:0.000661s ]
ERR: 无法加载模块:MyItem

[ 2016-06-25T14:52:22+08:00 ] 127.0.0.1 /MyItem/fangbaihe/index.php/Admin/Email/getMsgCount.html
INFO: [ app_init ] --START--
INFO: Run Behavior\BuildLiteBehavior [ RunTime:0.000027s ]
INFO: [ app_init ] --END-- [ RunTime:0.000691s ]
ERR: 无法加载模块:MyItem

[ 2016-06-25T14:52:52+08:00 ] 127.0.0.1 /MyItem/fangbaihe/index.php/Admin/Email/getMsgCount.html
INFO: [ app_init ] --START--
INFO: Run Behavior\BuildLiteBehavior [ RunTime:0.000029s ]
INFO: [ app_init ] --END-- [ RunTime:0.000727s ]
ERR: 无法加载模块:MyItem

[ 2016-06-25T14:53:22+08:00 ] 127.0.0.1 /MyItem/fangbaihe/index.php/Admin/Email/getMsgCount.html
INFO: [ app_init ] --START--
INFO: Run Behavior\BuildLiteBehavior [ RunTime:0.000023s ]
INFO: [ app_init ] --END-- [ RunTime:0.000572s ]
ERR: 无法加载模块:MyItem

[ 2016-06-25T14:53:52+08:00 ] 127.0.0.1 /MyItem/fangbaihe/index.php/Admin/Email/getMsgCount.html
INFO: [ app_init ] --START--
INFO: Run Behavior\BuildLiteBehavior [ RunTime:0.000021s ]
INFO: [ app_init ] --END-- [ RunTime:0.000518s ]
ERR: 无法加载模块:MyItem

[ 2016-06-25T14:54:22+08:00 ] 127.0.0.1 /MyItem/fangbaihe/index.php/Admin/Email/getMsgCount.html
INFO: [ app_init ] --START--
INFO: Run Behavior\BuildLiteBehavior [ RunTime:0.000025s ]
INFO: [ app_init ] --END-- [ RunTime:0.000668s ]
ERR: 无法加载模块:MyItem

[ 2016-06-25T14:54:52+08:00 ] 127.0.0.1 /MyItem/fangbaihe/index.php/Admin/Email/getMsgCount.html
INFO: [ app_init ] --START--
INFO: Run Behavior\BuildLiteBehavior [ RunTime:0.000022s ]
INFO: [ app_init ] --END-- [ RunTime:0.000588s ]
ERR: 无法加载模块:MyItem

[ 2016-06-25T14:55:22+08:00 ] 127.0.0.1 /MyItem/fangbaihe/index.php/Admin/Email/getMsgCount.html
INFO: [ app_init ] --START--
INFO: Run Behavior\BuildLiteBehavior [ RunTime:0.000023s ]
INFO: [ app_init ] --END-- [ RunTime:0.000584s ]
ERR: 无法加载模块:MyItem

[ 2016-06-25T14:55:52+08:00 ] 127.0.0.1 /MyItem/fangbaihe/index.php/Admin/Email/getMsgCount.html
INFO: [ app_init ] --START--
INFO: Run Behavior\BuildLiteBehavior [ RunTime:0.000027s ]
INFO: [ app_init ] --END-- [ RunTime:0.000587s ]
ERR: 无法加载模块:MyItem

[ 2016-06-25T14:56:22+08:00 ] 127.0.0.1 /MyItem/fangbaihe/index.php/Admin/Email/getMsgCount.html
INFO: [ app_init ] --START--
INFO: Run Behavior\BuildLiteBehavior [ RunTime:0.000025s ]
INFO: [ app_init ] --END-- [ RunTime:0.000591s ]
ERR: 无法加载模块:MyItem

[ 2016-06-25T14:56:52+08:00 ] 127.0.0.1 /MyItem/fangbaihe/index.php/Admin/Email/getMsgCount.html
INFO: [ app_init ] --START--
INFO: Run Behavior\BuildLiteBehavior [ RunTime:0.000020s ]
INFO: [ app_init ] --END-- [ RunTime:0.000498s ]
ERR: 无法加载模块:MyItem

[ 2016-06-25T14:57:22+08:00 ] 127.0.0.1 /MyItem/fangbaihe/index.php/Admin/Email/getMsgCount.html
INFO: [ app_init ] --START--
INFO: Run Behavior\BuildLiteBehavior [ RunTime:0.000026s ]
INFO: [ app_init ] --END-- [ RunTime:0.000627s ]
ERR: 无法加载模块:MyItem

[ 2016-06-25T14:57:52+08:00 ] 127.0.0.1 /MyItem/fangbaihe/index.php/Admin/Email/getMsgCount.html
INFO: [ app_init ] --START--
INFO: Run Behavior\BuildLiteBehavior [ RunTime:0.000021s ]
INFO: [ app_init ] --END-- [ RunTime:0.000553s ]
ERR: 无法加载模块:MyItem

[ 2016-06-25T14:58:22+08:00 ] 127.0.0.1 /MyItem/fangbaihe/index.php/Admin/Email/getMsgCount.html
INFO: [ app_init ] --START--
INFO: Run Behavior\BuildLiteBehavior [ RunTime:0.000021s ]
INFO: [ app_init ] --END-- [ RunTime:0.000505s ]
ERR: 无法加载模块:MyItem

[ 2016-06-25T14:58:52+08:00 ] 127.0.0.1 /MyItem/fangbaihe/index.php/Admin/Email/getMsgCount.html
INFO: [ app_init ] --START--
INFO: Run Behavior\BuildLiteBehavior [ RunTime:0.000024s ]
INFO: [ app_init ] --END-- [ RunTime:0.000594s ]
ERR: 无法加载模块:MyItem

[ 2016-06-25T14:59:22+08:00 ] 127.0.0.1 /MyItem/fangbaihe/index.php/Admin/Email/getMsgCount.html
INFO: [ app_init ] --START--
INFO: Run Behavior\BuildLiteBehavior [ RunTime:0.000022s ]
INFO: [ app_init ] --END-- [ RunTime:0.000586s ]
ERR: 无法加载模块:MyItem

[ 2016-06-25T14:59:52+08:00 ] 127.0.0.1 /MyItem/fangbaihe/index.php/Admin/Email/getMsgCount.html
INFO: [ app_init ] --START--
INFO: Run Behavior\BuildLiteBehavior [ RunTime:0.000020s ]
INFO: [ app_init ] --END-- [ RunTime:0.000507s ]
ERR: 无法加载模块:MyItem

[ 2016-06-25T15:00:22+08:00 ] 127.0.0.1 /MyItem/fangbaihe/index.php/Admin/Email/getMsgCount.html
INFO: [ app_init ] --START--
INFO: Run Behavior\BuildLiteBehavior [ RunTime:0.000033s ]
INFO: [ app_init ] --END-- [ RunTime:0.001020s ]
ERR: 无法加载模块:MyItem

[ 2016-06-25T15:00:52+08:00 ] 127.0.0.1 /MyItem/fangbaihe/index.php/Admin/Email/getMsgCount.html
INFO: [ app_init ] --START--
INFO: Run Behavior\BuildLiteBehavior [ RunTime:0.000026s ]
INFO: [ app_init ] --END-- [ RunTime:0.000695s ]
ERR: 无法加载模块:MyItem

[ 2016-06-25T15:01:22+08:00 ] 127.0.0.1 /MyItem/fangbaihe/index.php/Admin/Email/getMsgCount.html
INFO: [ app_init ] --START--
INFO: Run Behavior\BuildLiteBehavior [ RunTime:0.000028s ]
INFO: [ app_init ] --END-- [ RunTime:0.000645s ]
ERR: 无法加载模块:MyItem

[ 2016-06-25T15:01:52+08:00 ] 127.0.0.1 /MyItem/fangbaihe/index.php/Admin/Email/getMsgCount.html
INFO: [ app_init ] --START--
INFO: Run Behavior\BuildLiteBehavior [ RunTime:0.000021s ]
INFO: [ app_init ] --END-- [ RunTime:0.000510s ]
ERR: 无法加载模块:MyItem

[ 2016-06-25T15:02:22+08:00 ] 127.0.0.1 /MyItem/fangbaihe/index.php/Admin/Email/getMsgCount.html
INFO: [ app_init ] --START--
INFO: Run Behavior\BuildLiteBehavior [ RunTime:0.000025s ]
INFO: [ app_init ] --END-- [ RunTime:0.000630s ]
ERR: 无法加载模块:MyItem

[ 2016-06-25T15:02:52+08:00 ] 127.0.0.1 /MyItem/fangbaihe/index.php/Admin/Email/getMsgCount.html
INFO: [ app_init ] --START--
INFO: Run Behavior\BuildLiteBehavior [ RunTime:0.000021s ]
INFO: [ app_init ] --END-- [ RunTime:0.000502s ]
ERR: 无法加载模块:MyItem

[ 2016-06-25T15:03:22+08:00 ] 127.0.0.1 /MyItem/fangbaihe/index.php/Admin/Email/getMsgCount.html
INFO: [ app_init ] --START--
INFO: Run Behavior\BuildLiteBehavior [ RunTime:0.000025s ]
INFO: [ app_init ] --END-- [ RunTime:0.000649s ]
ERR: 无法加载模块:MyItem

[ 2016-06-25T15:03:52+08:00 ] 127.0.0.1 /MyItem/fangbaihe/index.php/Admin/Email/getMsgCount.html
INFO: [ app_init ] --START--
INFO: Run Behavior\BuildLiteBehavior [ RunTime:0.000028s ]
INFO: [ app_init ] --END-- [ RunTime:0.000735s ]
ERR: 无法加载模块:MyItem

[ 2016-06-25T15:04:22+08:00 ] 127.0.0.1 /MyItem/fangbaihe/index.php/Admin/Email/getMsgCount.html
INFO: [ app_init ] --START--
INFO: Run Behavior\BuildLiteBehavior [ RunTime:0.000024s ]
INFO: [ app_init ] --END-- [ RunTime:0.000578s ]
ERR: 无法加载模块:MyItem

[ 2016-06-25T15:04:52+08:00 ] 127.0.0.1 /MyItem/fangbaihe/index.php/Admin/Email/getMsgCount.html
INFO: [ app_init ] --START--
INFO: Run Behavior\BuildLiteBehavior [ RunTime:0.000020s ]
INFO: [ app_init ] --END-- [ RunTime:0.000484s ]
ERR: 无法加载模块:MyItem

[ 2016-06-25T15:05:22+08:00 ] 127.0.0.1 /MyItem/fangbaihe/index.php/Admin/Email/getMsgCount.html
INFO: [ app_init ] --START--
INFO: Run Behavior\BuildLiteBehavior [ RunTime:0.000023s ]
INFO: [ app_init ] --END-- [ RunTime:0.000519s ]
ERR: 无法加载模块:MyItem

[ 2016-06-25T15:05:52+08:00 ] 127.0.0.1 /MyItem/fangbaihe/index.php/Admin/Email/getMsgCount.html
INFO: [ app_init ] --START--
INFO: Run Behavior\BuildLiteBehavior [ RunTime:0.000025s ]
INFO: [ app_init ] --END-- [ RunTime:0.000592s ]
ERR: 无法加载模块:MyItem

[ 2016-06-25T15:06:22+08:00 ] 127.0.0.1 /MyItem/fangbaihe/index.php/Admin/Email/getMsgCount.html
INFO: [ app_init ] --START--
INFO: Run Behavior\BuildLiteBehavior [ RunTime:0.000026s ]
INFO: [ app_init ] --END-- [ RunTime:0.000667s ]
ERR: 无法加载模块:MyItem

[ 2016-06-25T15:06:52+08:00 ] 127.0.0.1 /MyItem/fangbaihe/index.php/Admin/Email/getMsgCount.html
INFO: [ app_init ] --START--
INFO: Run Behavior\BuildLiteBehavior [ RunTime:0.000020s ]
INFO: [ app_init ] --END-- [ RunTime:0.000620s ]
ERR: 无法加载模块:MyItem

[ 2016-06-25T15:07:22+08:00 ] 127.0.0.1 /MyItem/fangbaihe/index.php/Admin/Email/getMsgCount.html
INFO: [ app_init ] --START--
INFO: Run Behavior\BuildLiteBehavior [ RunTime:0.000020s ]
INFO: [ app_init ] --END-- [ RunTime:0.000495s ]
ERR: 无法加载模块:MyItem

[ 2016-06-25T15:07:52+08:00 ] 127.0.0.1 /MyItem/fangbaihe/index.php/Admin/Email/getMsgCount.html
INFO: [ app_init ] --START--
INFO: Run Behavior\BuildLiteBehavior [ RunTime:0.000026s ]
INFO: [ app_init ] --END-- [ RunTime:0.000572s ]
ERR: 无法加载模块:MyItem

[ 2016-06-25T15:08:22+08:00 ] 127.0.0.1 /MyItem/fangbaihe/index.php/Admin/Email/getMsgCount.html
INFO: [ app_init ] --START--
INFO: Run Behavior\BuildLiteBehavior [ RunTime:0.000025s ]
INFO: [ app_init ] --END-- [ RunTime:0.000598s ]
ERR: 无法加载模块:MyItem

[ 2016-06-25T15:08:52+08:00 ] 127.0.0.1 /MyItem/fangbaihe/index.php/Admin/Email/getMsgCount.html
INFO: [ app_init ] --START--
INFO: Run Behavior\BuildLiteBehavior [ RunTime:0.000020s ]
INFO: [ app_init ] --END-- [ RunTime:0.000502s ]
ERR: 无法加载模块:MyItem

[ 2016-06-25T15:09:22+08:00 ] 127.0.0.1 /MyItem/fangbaihe/index.php/Admin/Email/getMsgCount.html
INFO: [ app_init ] --START--
INFO: Run Behavior\BuildLiteBehavior [ RunTime:0.000021s ]
INFO: [ app_init ] --END-- [ RunTime:0.000567s ]
ERR: 无法加载模块:MyItem

[ 2016-06-25T15:09:52+08:00 ] 127.0.0.1 /MyItem/fangbaihe/index.php/Admin/Email/getMsgCount.html
INFO: [ app_init ] --START--
INFO: Run Behavior\BuildLiteBehavior [ RunTime:0.000022s ]
INFO: [ app_init ] --END-- [ RunTime:0.000568s ]
ERR: 无法加载模块:MyItem

[ 2016-06-25T15:10:22+08:00 ] 127.0.0.1 /MyItem/fangbaihe/index.php/Admin/Email/getMsgCount.html
INFO: [ app_init ] --START--
INFO: Run Behavior\BuildLiteBehavior [ RunTime:0.000023s ]
INFO: [ app_init ] --END-- [ RunTime:0.000583s ]
ERR: 无法加载模块:MyItem

[ 2016-06-25T15:10:52+08:00 ] 127.0.0.1 /MyItem/fangbaihe/index.php/Admin/Email/getMsgCount.html
INFO: [ app_init ] --START--
INFO: Run Behavior\BuildLiteBehavior [ RunTime:0.000028s ]
INFO: [ app_init ] --END-- [ RunTime:0.000635s ]
ERR: 无法加载模块:MyItem

[ 2016-06-25T15:11:22+08:00 ] 127.0.0.1 /MyItem/fangbaihe/index.php/Admin/Email/getMsgCount.html
INFO: [ app_init ] --START--
INFO: Run Behavior\BuildLiteBehavior [ RunTime:0.000025s ]
INFO: [ app_init ] --END-- [ RunTime:0.000587s ]
ERR: 无法加载模块:MyItem

[ 2016-06-25T15:11:52+08:00 ] 127.0.0.1 /MyItem/fangbaihe/index.php/Admin/Email/getMsgCount.html
INFO: [ app_init ] --START--
INFO: Run Behavior\BuildLiteBehavior [ RunTime:0.000024s ]
INFO: [ app_init ] --END-- [ RunTime:0.000560s ]
ERR: 无法加载模块:MyItem

[ 2016-06-25T15:12:22+08:00 ] 127.0.0.1 /MyItem/fangbaihe/index.php/Admin/Email/getMsgCount.html
INFO: [ app_init ] --START--
INFO: Run Behavior\BuildLiteBehavior [ RunTime:0.000021s ]
INFO: [ app_init ] --END-- [ RunTime:0.000567s ]
ERR: 无法加载模块:MyItem

[ 2016-06-25T15:12:52+08:00 ] 127.0.0.1 /MyItem/fangbaihe/index.php/Admin/Email/getMsgCount.html
INFO: [ app_init ] --START--
INFO: Run Behavior\BuildLiteBehavior [ RunTime:0.000028s ]
INFO: [ app_init ] --END-- [ RunTime:0.000773s ]
ERR: 无法加载模块:MyItem

[ 2016-06-25T15:13:22+08:00 ] 127.0.0.1 /MyItem/fangbaihe/index.php/Admin/Email/getMsgCount.html
INFO: [ app_init ] --START--
INFO: Run Behavior\BuildLiteBehavior [ RunTime:0.000021s ]
INFO: [ app_init ] --END-- [ RunTime:0.000512s ]
ERR: 无法加载模块:MyItem

[ 2016-06-25T15:13:52+08:00 ] 127.0.0.1 /MyItem/fangbaihe/index.php/Admin/Email/getMsgCount.html
INFO: [ app_init ] --START--
INFO: Run Behavior\BuildLiteBehavior [ RunTime:0.000023s ]
INFO: [ app_init ] --END-- [ RunTime:0.000562s ]
ERR: 无法加载模块:MyItem

[ 2016-06-25T15:14:22+08:00 ] 127.0.0.1 /MyItem/fangbaihe/index.php/Admin/Email/getMsgCount.html
INFO: [ app_init ] --START--
INFO: Run Behavior\BuildLiteBehavior [ RunTime:0.000024s ]
INFO: [ app_init ] --END-- [ RunTime:0.000580s ]
ERR: 无法加载模块:MyItem

[ 2016-06-25T15:14:52+08:00 ] 127.0.0.1 /MyItem/fangbaihe/index.php/Admin/Email/getMsgCount.html
INFO: [ app_init ] --START--
INFO: Run Behavior\BuildLiteBehavior [ RunTime:0.000024s ]
INFO: [ app_init ] --END-- [ RunTime:0.000537s ]
ERR: 无法加载模块:MyItem

[ 2016-06-25T15:15:22+08:00 ] 127.0.0.1 /MyItem/fangbaihe/index.php/Admin/Email/getMsgCount.html
INFO: [ app_init ] --START--
INFO: Run Behavior\BuildLiteBehavior [ RunTime:0.000022s ]
INFO: [ app_init ] --END-- [ RunTime:0.000619s ]
ERR: 无法加载模块:MyItem

[ 2016-06-25T15:15:52+08:00 ] 127.0.0.1 /MyItem/fangbaihe/index.php/Admin/Email/getMsgCount.html
INFO: [ app_init ] --START--
INFO: Run Behavior\BuildLiteBehavior [ RunTime:0.000021s ]
INFO: [ app_init ] --END-- [ RunTime:0.000575s ]
ERR: 无法加载模块:MyItem

[ 2016-06-25T15:16:22+08:00 ] 127.0.0.1 /MyItem/fangbaihe/index.php/Admin/Email/getMsgCount.html
INFO: [ app_init ] --START--
INFO: Run Behavior\BuildLiteBehavior [ RunTime:0.000024s ]
INFO: [ app_init ] --END-- [ RunTime:0.000585s ]
ERR: 无法加载模块:MyItem

[ 2016-06-25T15:16:52+08:00 ] 127.0.0.1 /MyItem/fangbaihe/index.php/Admin/Email/getMsgCount.html
INFO: [ app_init ] --START--
INFO: Run Behavior\BuildLiteBehavior [ RunTime:0.000024s ]
INFO: [ app_init ] --END-- [ RunTime:0.000570s ]
ERR: 无法加载模块:MyItem

[ 2016-06-25T15:17:22+08:00 ] 127.0.0.1 /MyItem/fangbaihe/index.php/Admin/Email/getMsgCount.html
INFO: [ app_init ] --START--
INFO: Run Behavior\BuildLiteBehavior [ RunTime:0.000026s ]
INFO: [ app_init ] --END-- [ RunTime:0.000620s ]
ERR: 无法加载模块:MyItem

[ 2016-06-25T15:17:52+08:00 ] 127.0.0.1 /MyItem/fangbaihe/index.php/Admin/Email/getMsgCount.html
INFO: [ app_init ] --START--
INFO: Run Behavior\BuildLiteBehavior [ RunTime:0.000020s ]
INFO: [ app_init ] --END-- [ RunTime:0.000509s ]
ERR: 无法加载模块:MyItem

[ 2016-06-25T15:18:22+08:00 ] 127.0.0.1 /MyItem/fangbaihe/index.php/Admin/Email/getMsgCount.html
INFO: [ app_init ] --START--
INFO: Run Behavior\BuildLiteBehavior [ RunTime:0.000024s ]
INFO: [ app_init ] --END-- [ RunTime:0.000656s ]
ERR: 无法加载模块:MyItem

[ 2016-06-25T15:18:52+08:00 ] 127.0.0.1 /MyItem/fangbaihe/index.php/Admin/Email/getMsgCount.html
INFO: [ app_init ] --START--
INFO: Run Behavior\BuildLiteBehavior [ RunTime:0.000027s ]
INFO: [ app_init ] --END-- [ RunTime:0.000672s ]
ERR: 无法加载模块:MyItem

[ 2016-06-25T15:19:22+08:00 ] 127.0.0.1 /MyItem/fangbaihe/index.php/Admin/Email/getMsgCount.html
INFO: [ app_init ] --START--
INFO: Run Behavior\BuildLiteBehavior [ RunTime:0.000025s ]
INFO: [ app_init ] --END-- [ RunTime:0.000588s ]
ERR: 无法加载模块:MyItem

[ 2016-06-25T15:19:52+08:00 ] 127.0.0.1 /MyItem/fangbaihe/index.php/Admin/Email/getMsgCount.html
INFO: [ app_init ] --START--
INFO: Run Behavior\BuildLiteBehavior [ RunTime:0.000035s ]
INFO: [ app_init ] --END-- [ RunTime:0.000847s ]
ERR: 无法加载模块:MyItem

[ 2016-06-25T15:20:22+08:00 ] 127.0.0.1 /MyItem/fangbaihe/index.php/Admin/Email/getMsgCount.html
INFO: [ app_init ] --START--
INFO: Run Behavior\BuildLiteBehavior [ RunTime:0.000019s ]
INFO: [ app_init ] --END-- [ RunTime:0.000534s ]
ERR: 无法加载模块:MyItem

[ 2016-06-25T15:20:52+08:00 ] 127.0.0.1 /MyItem/fangbaihe/index.php/Admin/Email/getMsgCount.html
INFO: [ app_init ] --START--
INFO: Run Behavior\BuildLiteBehavior [ RunTime:0.000029s ]
INFO: [ app_init ] --END-- [ RunTime:0.000704s ]
ERR: 无法加载模块:MyItem

[ 2016-06-25T15:21:22+08:00 ] 127.0.0.1 /MyItem/fangbaihe/index.php/Admin/Email/getMsgCount.html
INFO: [ app_init ] --START--
INFO: Run Behavior\BuildLiteBehavior [ RunTime:0.000021s ]
INFO: [ app_init ] --END-- [ RunTime:0.000563s ]
ERR: 无法加载模块:MyItem

[ 2016-06-25T15:21:52+08:00 ] 127.0.0.1 /MyItem/fangbaihe/index.php/Admin/Email/getMsgCount.html
INFO: [ app_init ] --START--
INFO: Run Behavior\BuildLiteBehavior [ RunTime:0.000020s ]
INFO: [ app_init ] --END-- [ RunTime:0.000547s ]
ERR: 无法加载模块:MyItem

[ 2016-06-25T15:22:22+08:00 ] 127.0.0.1 /MyItem/fangbaihe/index.php/Admin/Email/getMsgCount.html
INFO: [ app_init ] --START--
INFO: Run Behavior\BuildLiteBehavior [ RunTime:0.000021s ]
INFO: [ app_init ] --END-- [ RunTime:0.000504s ]
ERR: 无法加载模块:MyItem

[ 2016-06-25T15:22:52+08:00 ] 127.0.0.1 /MyItem/fangbaihe/index.php/Admin/Email/getMsgCount.html
INFO: [ app_init ] --START--
INFO: Run Behavior\BuildLiteBehavior [ RunTime:0.000029s ]
INFO: [ app_init ] --END-- [ RunTime:0.000652s ]
ERR: 无法加载模块:MyItem

[ 2016-06-25T15:22:56+08:00 ] 127.0.0.1 /MyItem/fangbaihe/Public/Admin/images/leftjt04.png
INFO: [ app_init ] --START--
INFO: Run Behavior\BuildLiteBehavior [ RunTime:0.000021s ]
INFO: [ app_init ] --END-- [ RunTime:0.000532s ]
ERR: 无法加载模块:MyItem

[ 2016-06-25T15:22:56+08:00 ] 127.0.0.1 /MyItem/fangbaihe/Public/Admin/images/leftjt02.png
INFO: [ app_init ] --START--
INFO: Run Behavior\BuildLiteBehavior [ RunTime:0.000024s ]
INFO: [ app_init ] --END-- [ RunTime:0.000584s ]
ERR: 无法加载模块:MyItem

[ 2016-06-25T15:22:58+08:00 ] 127.0.0.1 /MyItem/fangbaihe/index.php/Admin/Index/index.html
INFO: [ app_init ] --START--
INFO: Run Behavior\BuildLiteBehavior [ RunTime:0.000025s ]
INFO: [ app_init ] --END-- [ RunTime:0.000628s ]
ERR: 无法加载模块:MyItem

[ 2016-06-25T15:23:04+08:00 ] 127.0.0.1 /MyItem/fangbaihe/index.php/Admin/Index/index.html
INFO: [ app_init ] --START--
INFO: Run Behavior\BuildLiteBehavior [ RunTime:0.000022s ]
INFO: [ app_init ] --END-- [ RunTime:0.000661s ]
ERR: 无法加载模块:MyItem

[ 2016-06-25T15:23:23+08:00 ] 127.0.0.1 /0521Thinkphp/index.php/Admin/User/showList.html
INFO: [ app_init ] --START--
INFO: Run Behavior\BuildLiteBehavior [ RunTime:0.000021s ]
INFO: [ app_init ] --END-- [ RunTime:0.000586s ]
ERR: 无法加载模块:0521Thinkphp

[ 2016-06-25T15:23:26+08:00 ] 127.0.0.1 /0521Thinkphp/index.php/Admin/User/add.html
INFO: [ app_init ] --START--
INFO: Run Behavior\BuildLiteBehavior [ RunTime:0.000032s ]
INFO: [ app_init ] --END-- [ RunTime:0.000678s ]
ERR: 无法加载模块:0521Thinkphp

[ 2016-06-25T15:23:41+08:00 ] 127.0.0.1 /0531Thinkphp/index.php/Admin/Index/index.html
INFO: [ app_init ] --START--
INFO: Run Behavior\BuildLiteBehavior [ RunTime:0.000024s ]
INFO: [ app_init ] --END-- [ RunTime:0.000599s ]
ERR: 无法加载模块:0531Thinkphp

[ 2016-06-25T15:23:48+08:00 ] 127.0.0.1 /0531Thinkphp/index.php/Admin/Index/index
INFO: [ app_init ] --START--
INFO: Run Behavior\BuildLiteBehavior [ RunTime:0.000022s ]
INFO: [ app_init ] --END-- [ RunTime:0.000620s ]
ERR: 无法加载模块:0531Thinkphp

[ 2016-06-25T23:30:59+08:00 ] 127.0.0.1 /beacon.js?c1=8&c2=6035308&c3=&c4=&c5=&c6=&c10=&c15=
INFO: [ app_init ] --START--
INFO: Run Behavior\BuildLiteBehavior [ RunTime:0.000031s ]
INFO: [ app_init ] --END-- [ RunTime:0.020227s ]
ERR: 无法加载模块:Beacon

[ 2016-06-25T23:31:16+08:00 ] 127.0.0.1 /beacon.js?c1=8&c2=6035308&c3=&c4=&c5=&c6=&c10=&c15=
INFO: [ app_init ] --START--
INFO: Run Behavior\BuildLiteBehavior [ RunTime:0.000028s ]
INFO: [ app_init ] --END-- [ RunTime:0.000637s ]
ERR: 无法加载模块:Beacon

